Log file open, 07/31/17 17:16:52
LogInit:Display: Running engine for game: Tutorial_Level
LogPlatformFile: Not using cached read wrapper
LogInit:Display: RandInit(804376374) SRandInit(804376374).
LogTaskGraph: Started task graph with 5 named threads and 6 total threads with 1 sets of task threads.
LogStats: Stats thread started at 0.102494
LogInit: Using libcurl 7.47.1
LogInit:  - built for x86_64-pc-win32
LogInit:  - supports SSL with OpenSSL/1.0.2g
LogInit:  - supports HTTP deflate (compression) using libz 1.2.8
LogInit:  - other features:
LogInit:      CURL_VERSION_SSL
LogInit:      CURL_VERSION_LIBZ
LogInit:      CURL_VERSION_IPV6
LogInit:      CURL_VERSION_ASYNCHDNS
LogInit:      CURL_VERSION_LARGEFILE
LogInit:      CURL_VERSION_IDN
LogInit:  CurlRequestOptions (configurable via config and command line):
LogInit:  - bVerifyPeer = false  - Libcurl will NOT verify peer certificate
LogInit:  - bUseHttpProxy = false  - Libcurl will NOT use HTTP proxy
LogInit:  - bDontReuseConnections = false  - Libcurl will reuse connections
LogInit:  - CertBundlePath = nullptr  - Libcurl will use whatever was configured at build time.
LogInit: Build: ++UE4+Release-4.16-CL-3514769
LogInit: Engine Version: 4.16.2-3514769+++UE4+Release-4.16
LogInit: Compatible Engine Version: 4.16.0-3452394+++UE4+Release-4.16
LogInit: Net CL: 3452394
LogDevObjectVersion: Number of dev versions registered: 16
LogDevObjectVersion:   Dev-Blueprints (B0D832E4-1F89-4F0D-ACCF-7EB736FD4AA2): 9
LogDevObjectVersion:   Dev-Build (E1C64328-A22C-4D53-A36C-8E866417BD8C): 0
LogDevObjectVersion:   Dev-Core (375EC13C-06E4-48FB-B500-84F0262A717E): 2
LogDevObjectVersion:   Dev-Editor (E4B068ED-F494-42E9-A231-DA0B2E46BB41): 17
LogDevObjectVersion:   Dev-Framework (CFFC743F-43B0-4480-9391-14DF171D2073): 23
LogDevObjectVersion:   Dev-Mobile (B02B49B5-BB20-44E9-A304-32B752E40360): 0
LogDevObjectVersion:   Dev-Networking (A4E4105C-59A1-49B5-A7C5-40C4547EDFEE): 0
LogDevObjectVersion:   Dev-Online (39C831C9-5AE6-47DC-9A44-9C173E1C8E7C): 0
LogDevObjectVersion:   Dev-Physics (78F01B33-EBEA-4F98-B9B4-84EACCB95AA2): 0
LogDevObjectVersion:   Dev-Platform (6631380F-2D4D-43E0-8009-CF276956A95A): 0
LogDevObjectVersion:   Dev-Rendering (12F88B9F-8875-4AFC-A67C-D90C383ABD29): 15
LogDevObjectVersion:   Dev-Sequencer (7B5AE74C-D270-4C10-A958-57980B212A5A): 4
LogDevObjectVersion:   Dev-VR (D7296918-1DD6-4BDD-9DE2-64A83CC13884): 0
LogDevObjectVersion:   Dev-LoadTimes (C2A15278-BFE7-4AFE-6C17-90FF531DF755): 1
LogDevObjectVersion:   Private-Geometry (6EACA3D4-40EC-4CC1-B786-8BED09428FC5): 1
LogDevObjectVersion:   Dev-AnimPhys (29E575DD-E0A3-4627-9D10-D276232CDCEA): 3
LogInit: Compiled (64-bit): Jun 29 2017 02:03:24
LogInit: Compiled with Visual C++: 19.00.24215.01
LogInit: Build Configuration: Development
LogInit: Branch Name: ++UE4+Release-4.16
LogInit: Command line:  
LogInit: Base directory: C:/Program Files/Epic Games/UE_4.16/Engine/Binaries/Win64/
LogInit: Installed Engine Build: 1
LogInit: Presizing for max 8388607 objects, including 0 objects not considered by GC, pre-allocating 0 bytes for permanent pool.
LogInit: Object subsystem initialized
[2017.07.31-08.16.53:056][  0]LogInit: Selected Device Profile: [Windows]
[2017.07.31-08.16.53:056][  0]LogInit: Applying CVar settings loaded from the selected device profile: [Windows]
[2017.07.31-08.16.53:067][  0]LogInit: Computer: DESKTOP-RNSDQO3
[2017.07.31-08.16.53:067][  0]LogInit: User: tlstk
[2017.07.31-08.16.53:067][  0]LogInit: CPU Page size=4096, Cores=2
[2017.07.31-08.16.53:067][  0]LogInit: High frequency timer resolution =2.648441 MHz
[2017.07.31-08.16.53:067][  0]LogMemory: Memory total: Physical=7.9GB (8GB approx)
[2017.07.31-08.16.53:067][  0]LogMemory: Platform Memory Stats for Windows
[2017.07.31-08.16.53:067][  0]LogMemory: Process Physical Memory: 271.88 MB used, 271.88 MB peak
[2017.07.31-08.16.53:067][  0]LogMemory: Process Virtual Memory: 266.30 MB used, 266.30 MB peak
[2017.07.31-08.16.53:067][  0]LogMemory: Physical Memory: 3065.25 MB used,  4985.95 MB free, 8051.20 MB total
[2017.07.31-08.16.53:067][  0]LogMemory: Virtual Memory: 639.34 MB used,  4985.95 MB free, 134217728.00 MB total
[2017.07.31-08.16.53:124][  0]LogInit: Using OS detected language (ko-KR).
[2017.07.31-08.16.53:124][  0]LogInit: Using OS detected locale (ko-KR).
[2017.07.31-08.16.53:127][  0]LogTextLocalizationManager: No specific localization for 'ko-KR' exists, so the 'ko' localization will be used.
[2017.07.31-08.16.53:980][  0]LogD3D11RHI: D3D11 adapters:
[2017.07.31-08.16.53:988][  0]LogD3D11RHI:    0. 'Intel(R) HD Graphics 620' (Feature Level 11_0)
[2017.07.31-08.16.53:988][  0]LogD3D11RHI:       128/0/4025 MB DedicatedVideo/DedicatedSystem/SharedSystem, Outputs:1, VendorId:0x8086
[2017.07.31-08.16.53:990][  0]LogD3D11RHI:    1. 'Microsoft Basic Render Driver' (Feature Level 11_0)
[2017.07.31-08.16.53:990][  0]LogD3D11RHI:       0/0/4025 MB DedicatedVideo/DedicatedSystem/SharedSystem, Outputs:0, VendorId:0x1414
[2017.07.31-08.16.53:990][  0]LogD3D11RHI: Chosen D3D11 Adapter: 0
[2017.07.31-08.16.53:994][  0]LogD3D11RHI: Creating new Direct3DDevice
[2017.07.31-08.16.53:994][  0]LogD3D11RHI:     GPU DeviceId: 0x5916 (for the marketing name, search the web for "GPU Device Id")
[2017.07.31-08.16.53:994][  0]LogWindows: EnumDisplayDevices:
[2017.07.31-08.16.53:995][  0]LogWindows:    0. 'Intel(R) HD Graphics 620' (P:1 D:1)
[2017.07.31-08.16.53:995][  0]LogWindows:    1. 'Intel(R) HD Graphics 620' (P:0 D:0)
[2017.07.31-08.16.53:996][  0]LogWindows:    2. 'Intel(R) HD Graphics 620' (P:0 D:0)
[2017.07.31-08.16.53:997][  0]LogWindows: DebugString: FoundDriverCount:3 
[2017.07.31-08.16.53:997][  0]LogD3D11RHI:     Adapter Name: Intel(R) HD Graphics 620
[2017.07.31-08.16.53:997][  0]LogD3D11RHI:   Driver Version: 21.20.16.4534 (internal:21.20.16.4534, unified:21.20.16.4534)
[2017.07.31-08.16.53:997][  0]LogD3D11RHI:      Driver Date: 10-7-2016
[2017.07.31-08.16.53:997][  0]LogRHI: Texture pool is 1361 MB (70% of 1945 MB)
[2017.07.31-08.16.54:004][  0]LogD3D11RHI: Async texture creation enabled
[2017.07.31-08.16.54:010][  0]LogD3D11RHI: GPU Timing Frequency: 12.000000 (Debug: 2 0)
[2017.07.31-08.16.54:012][  0]LogShaderCompilers: Guid format shader working directory is -22 characters bigger than the processId version (../../../../../../Users/tlstk/Desktop/Unreal Projects/Tutorial_Level/Intermediate/Shaders/WorkingDirectory/4988/).
[2017.07.31-08.16.54:012][  0]LogShaderCompilers: Cleaned the shader compiler working directory 'C:/Users/tlstk/AppData/Local/Temp/UnrealShaderWorkingDir/9089D5544274E272C0C7BC92478BFA9B/'.
[2017.07.31-08.16.54:012][  0]LogShaderCompilers:Display: Using Local Shader Compiler.
[2017.07.31-08.16.55:055][  0]LogTemp:Display: Loaded TP AllDesktopTargetPlatform
[2017.07.31-08.16.55:105][  0]LogTemp:Display: Loaded TP MacClientTargetPlatform
[2017.07.31-08.16.55:158][  0]LogTemp:Display: Loaded TP MacNoEditorTargetPlatform
[2017.07.31-08.16.55:211][  0]LogTemp:Display: Loaded TP MacServerTargetPlatform
[2017.07.31-08.16.55:265][  0]LogTemp:Display: Loaded TP MacTargetPlatform
[2017.07.31-08.16.55:313][  0]LogTemp:Display: Loaded TP WindowsClientTargetPlatform
[2017.07.31-08.16.55:358][  0]LogTemp:Display: Loaded TP WindowsNoEditorTargetPlatform
[2017.07.31-08.16.55:404][  0]LogTemp:Display: Loaded TP WindowsServerTargetPlatform
[2017.07.31-08.16.55:445][  0]LogTemp:Display: Loaded TP WindowsTargetPlatform
[2017.07.31-08.16.55:491][  0]LogTemp:Display: Loaded TP AndroidTargetPlatform
[2017.07.31-08.16.55:539][  0]LogTemp:Display: Loaded TP Android_ASTCTargetPlatform
[2017.07.31-08.16.55:584][  0]LogTemp:Display: Loaded TP Android_ATCTargetPlatform
[2017.07.31-08.16.55:628][  0]LogTemp:Display: Loaded TP Android_DXTTargetPlatform
[2017.07.31-08.16.55:672][  0]LogTemp:Display: Loaded TP Android_ETC1TargetPlatform
[2017.07.31-08.16.55:717][  0]LogTemp:Display: Loaded TP Android_ETC2TargetPlatform
[2017.07.31-08.16.55:809][  0]LogTemp:Display: Loaded TP Android_MultiTargetPlatform
[2017.07.31-08.16.55:809][  0]LogTemp:Display: Loaded TP Android_PVRTCTargetPlatform
[2017.07.31-08.16.55:844][  0]LogTemp:Display: Loaded TP HTML5TargetPlatform
[2017.07.31-08.16.55:930][  0]LogTemp:Display: Loaded TP IOSTargetPlatform
[2017.07.31-08.16.55:956][  0]LogTemp:Display: Loaded TP TVOSTargetPlatform
[2017.07.31-08.16.56:002][  0]LogTemp:Display: Loaded TP LinuxClientTargetPlatform
[2017.07.31-08.16.56:049][  0]LogTemp:Display: Loaded TP LinuxNoEditorTargetPlatform
[2017.07.31-08.16.56:102][  0]LogTemp:Display: Loaded TP LinuxServerTargetPlatform
[2017.07.31-08.16.56:160][  0]LogTemp:Display: Loaded TP LinuxTargetPlatform
[2017.07.31-08.16.56:160][  0]LogTargetPlatformManager:Display: Building Assets For Windows
[2017.07.31-08.16.56:600][  0]LogDerivedDataCache:Display: Max Cache Size: 512 MB
[2017.07.31-08.16.56:705][  0]LogDerivedDataCache: Loaded boot cache 0.11s 90MB C:/Users/tlstk/AppData/Local/UnrealEngine/4.16/DerivedDataCache/Boot.ddc.
[2017.07.31-08.16.56:705][  0]LogDerivedDataCache:Display: Loaded Boot cache: C:/Users/tlstk/AppData/Local/UnrealEngine/4.16/DerivedDataCache/Boot.ddc
[2017.07.31-08.16.56:706][  0]LogDerivedDataCache: FDerivedDataBackendGraph:  Pak pak cache file ../../../../../../Users/tlstk/Desktop/Unreal Projects/Tutorial_Level/DerivedDataCache/DDC.ddp not found, will not use a pak cache.
[2017.07.31-08.16.56:706][  0]LogDerivedDataCache: Unable to find inner node Pak for hierarchical cache Hierarchy.
[2017.07.31-08.16.56:706][  0]LogDerivedDataCache: FDerivedDataBackendGraph:  CompressedPak pak cache file ../../../../../../Users/tlstk/Desktop/Unreal Projects/Tutorial_Level/DerivedDataCache/Compressed.ddp not found, will not use a pak cache.
[2017.07.31-08.16.56:706][  0]LogDerivedDataCache: Unable to find inner node CompressedPak for hierarchical cache Hierarchy.
[2017.07.31-08.16.56:722][  0]LogDerivedDataCache:Display: Pak cache opened for reading ../../../Engine/DerivedDataCache/Compressed.ddp.
[2017.07.31-08.16.56:734][  0]LogDerivedDataCache: Using Local data cache path C:/Users/tlstk/AppData/Local/UnrealEngine/Common/DerivedDataCache: Writable
[2017.07.31-08.16.56:744][  0]LogMaterial: Verifying Global Shaders for PCD3D_SM5
[2017.07.31-08.16.56:744][  0]LogSlate: Using Freetype 2.6.0
[2017.07.31-08.16.56:745][  0]LogSlate: SlateFontCache - WITH_FREETYPE: 1, WITH_HARFBUZZ: 1
[2017.07.31-08.16.56:745][  0]LogSlate: SlateFontCache - WITH_FREETYPE: 1, WITH_HARFBUZZ: 1
[2017.07.31-08.16.57:063][  0]LogInit: Selected Device Profile: [Windows]
[2017.07.31-08.16.57:146][  0]LogContentStreaming: Texture pool size is 0.00 MB
[2017.07.31-08.16.57:292][  0]LogMeshUtilities: Using QuadricMeshReduction for automatic static mesh reduction
[2017.07.31-08.16.57:331][  0]LogSimplygon: Simplygon DLL not present - disabling.
[2017.07.31-08.16.57:372][  0]LogMeshUtilities: Using SimplygonSwarm for distributed automatic mesh merging
[2017.07.31-08.16.57:372][  0]LogMeshUtilities: No automatic skeletal mesh reduction module available
[2017.07.31-08.16.57:372][  0]LogMeshUtilities: No automatic mesh merging module available
[2017.07.31-08.16.57:967][  0]LogNetVersion: Tutorial_Level , NetCL: 3452394, EngineNetVer: 2, GameNetVer: 0 (Checksum: 1727356957)
[2017.07.31-08.16.58:013][  0]LogAssetRegistry: FAssetRegistry took 0.0255 seconds to start up
[2017.07.31-08.16.58:058][  0]LogPackageLocalizationCache: Processed 2 localized package path(s) for 2 prioritized culture(s) in 0.021691 seconds
[2017.07.31-08.16.58:063][  0]LogUObjectArray: 34014 objects as part of root set at end of initial load.
[2017.07.31-08.16.58:063][  0]LogUObjectAllocator: 7214384 out of 0 bytes used by permanent object pool.
[2017.07.31-08.16.58:063][  0]LogUObjectArray: CloseDisregardForGC: 0/0 objects in disregard for GC pool
[2017.07.31-08.16.58:118][  0]LogInit: WinSock: version 1.1 (2.2), MaxSocks=32767, MaxUdp=65467
[2017.07.31-08.17.00:615][  0]LogTcpMessaging: Initializing TcpMessaging bridge
[2017.07.31-08.17.00:650][  0]LogUdpMessaging: Initializing bridge on interface 0.0.0.0:0 to multicast group 230.0.0.1:6666.
[2017.07.31-08.17.01:069][  0]SourceControl: 정보 소스 콘트롤이 꺼졌습니다.
[2017.07.31-08.17.01:111][  0]SourceControl: 정보 소스 콘트롤이 꺼졌습니다.
[2017.07.31-08.17.01:153][  0]SourceControl: 정보 소스 콘트롤이 꺼졌습니다.
[2017.07.31-08.17.01:208][  0]SourceControl: 정보 소스 콘트롤이 꺼졌습니다.
[2017.07.31-08.17.02:189][  0]LogEngine: Initializing Engine...
[2017.07.31-08.17.02:438][  0]LogStats: UGameplayTagsManager::ConstructGameplayTagTree: Construct from data asset -  0.000 s
[2017.07.31-08.17.02:438][  0]LogStats: UGameplayTagsManager::ConstructGameplayTagTree: GameplayTagTreeChangedEvent.Broadcast -  0.000 s
[2017.07.31-08.17.02:552][  0]LogAIModule: Creating AISystem for world Untitled
[2017.07.31-08.17.02:571][  0]LogInit: XAudio2 using 'Speakers(Conexant HD Audio)' : 2 channels at 48 kHz using 32 bits per sample (channel mask 0x3)
[2017.07.31-08.17.02:699][  0]LogInit: FAudioDevice initialized.
[2017.07.31-08.17.02:757][  0]LogDerivedDataCache: Saved boot cache 0.06s 90MB C:/Users/tlstk/AppData/Local/UnrealEngine/4.16/DerivedDataCache/Boot.ddc.
[2017.07.31-08.17.02:778][  0]LogInit: Texture streaming: Enabled
[2017.07.31-08.17.02:796][  0]LogMaterial: Uniform references updated for custom material expression Custom.
[2017.07.31-08.17.02:976][  0]LogEngineSessionManager: EngineSessionManager initialized
[2017.07.31-08.17.03:179][  0]LogInit: Transaction tracking system initialized
[2017.07.31-08.17.03:551][  0]BlueprintLog: New page: 에디터 로드
[2017.07.31-08.17.04:394][  0]LocalizationService: 정보 현지화 서비스가 비활성화되었습니다.
[2017.07.31-08.17.05:259][  0]LogConsoleResponse:Display: 
[2017.07.31-08.17.05:419][  0]LogCook:Display: Max memory allowance for cook 16384mb min free memory 0mb
[2017.07.31-08.17.05:419][  0]LogCook:Display: Mobile HDR setting 1
[2017.07.31-08.17.06:229][  0]LogFileCache: Scanning file cache for directory 'C:/Users/tlstk/Desktop/Unreal Projects/Tutorial_Level/Content/' took 0.02s
[2017.07.31-08.17.06:274][  0]SourceControl: 정보 소스 콘트롤이 꺼졌습니다.
[2017.07.31-08.17.06:274][  0]Cmd: MAP LOAD FILE="../../../../../../Users/tlstk/Desktop/Unreal Projects/Tutorial_Level/Content/Tutorial_Level.umap" TEMPLATE=0 SHOWPROGRESS=1 FEATURELEVEL=3
[2017.07.31-08.17.06:275][  0]LightingResults: New page: 라이팅 빌드
[2017.07.31-08.17.06:312][  0]MapCheck: New page: 맵 체크
[2017.07.31-08.17.06:312][  0]LightingResults: New page: 라이팅 빌드
[2017.07.31-08.17.06:819][  0]LogAIModule: Creating AISystem for world Tutorial_Level
[2017.07.31-08.17.06:836][  0]LogEditorServer: Finished looking for orphan Actors (0.000 secs)
[2017.07.31-08.17.06:904][  0]Cmd: MAP CHECKDEP NOCLEARLOG
[2017.07.31-08.17.06:977][  0]MapCheck: 정보 맵 체크 완료: 오류 0 회, 경고 0 회, 소요 시간 73.502ms.
[2017.07.31-08.17.06:977][  0]LogFileHelpers: Loading map 'Tutorial_Level' took 0.703
[2017.07.31-08.17.07:042][  0]LogWindowsTextInputMethodSystem:Display: IME system now activated using TSF (Microsoft 입력기).
[2017.07.31-08.17.07:139][  0]LogCollectionManager: Loaded 0 collections in 0.001825 seconds
[2017.07.31-08.17.07:215][  0]LogFileCache: Scanning file cache for directory 'C:/Users/tlstk/Desktop/Unreal Projects/Tutorial_Level/Saved/Collections/' took 0.01s
[2017.07.31-08.17.07:215][  0]LogFileCache: Scanning file cache for directory 'C:/Users/tlstk/Desktop/Unreal Projects/Tutorial_Level/Content/Developers/tlstk/Collections/' took 0.01s
[2017.07.31-08.17.07:215][  0]LogFileCache: Scanning file cache for directory 'C:/Users/tlstk/Desktop/Unreal Projects/Tutorial_Level/Content/Collections/' took 0.01s
[2017.07.31-08.17.07:215][  0]LogCollectionManager: Rebuilt the GUID cache for 0 collections in 0.000003 seconds
[2017.07.31-08.17.07:224][  0]LogContentBrowser: Native class hierarchy populated in 0.0086 seconds. Added 2266 classes and 450 folders.
[2017.07.31-08.17.07:283][  0]LogContentBrowser: Native class hierarchy updated for 'WidgetCarousel' in 0.0005 seconds. Added 0 classes and 0 folders.
[2017.07.31-08.17.07:323][  0]LogContentBrowser: Native class hierarchy updated for 'AddContentDialog' in 0.0006 seconds. Added 0 classes and 0 folders.
[2017.07.31-08.17.07:363][  0]LogContentBrowser: Native class hierarchy updated for 'SceneOutliner' in 0.0006 seconds. Added 1 classes and 2 folders.
[2017.07.31-08.17.07:400][  0]LogCrashTracker: Crashtracker disabled due to settings.
[2017.07.31-08.17.07:406][  0]LogSlate: Took 0.000398 seconds to synchronously load lazily loaded font '../../../Engine/Content/Slate/Fonts/Roboto-Regular.ttf' (155K)
[2017.07.31-08.17.07:411][  0]LogSlate: Took 0.003547 seconds to synchronously load lazily loaded font '../../../Engine/Content/Slate/Fonts/NanumGothic.ttf' (4243K)
[2017.07.31-08.17.07:412][  0]LogSlate: Took 0.000268 seconds to synchronously load lazily loaded font '../../../Engine/Content/Slate/Fonts/Roboto-Bold.ttf' (160K)
[2017.07.31-08.17.07:416][  0]LogSlate: Took 0.000208 seconds to synchronously load lazily loaded font '../../../Engine/Content/Editor/Slate/Fonts/FontAwesome.ttf' (139K)
[2017.07.31-08.17.07:515][  0]LogRenderer: Reallocating scene render targets to support 784x444 NumSamples 1 (Frame:1).
[2017.07.31-08.17.08:098][  0]LogSlate: Took 0.000227 seconds to synchronously load lazily loaded font '../../../Engine/Content/Slate/Fonts/Roboto-Light.ttf' (159K)
[2017.07.31-08.17.08:195][  0]LogUObjectGlobals:Warning: 'Class 없음.' 오브젝트를 찾는 데 실패했습니다.
[2017.07.31-08.17.08:258][  0]LogContentBrowser: Native class hierarchy updated for 'HierarchicalLODOutliner' in 0.0006 seconds. Added 1 classes and 2 folders.
[2017.07.31-08.17.08:258][  0]LogLoad: (Engine Initialization) Total time: 16.43 seconds
[2017.07.31-08.17.08:258][  0]LogLoad: (Engine Initialization) Total Blueprint compile time: 0.11 seconds
[2017.07.31-08.17.08:258][  0]LogExternalProfiler: No external profilers were discovered.  External profiling features will not be available.
[2017.07.31-08.17.08:295][  0]LogAssetRegistry: Asset discovery search completed in 10.3037 seconds
[2017.07.31-08.17.08:296][  0]LogCollectionManager: Rebuilt the object cache for 0 collections in 0.000000 seconds (found 0 objects)
[2017.07.31-08.17.08:296][  0]LogCollectionManager: Fixed up redirectors for 0 collections in 0.000025 seconds (updated 0 objects)
[2017.07.31-08.17.08:297][  0]LogContentStreaming: Texture pool size now 400 MB
[2017.07.31-08.17.12:849][200]LogDirectoryWatcher:Warning: Failed to begin reading directory changes for ../../../../../../Users/tlstk/Desktop/Unreal Projects/Tutorial_Level/Plugins/. Error: 지정된 파일을 찾을 수 없습니다. (0x00000002)
[2017.07.31-08.18.35:902][538]Cmd: CLOSE_SLATE_MAINFRAME
[2017.07.31-08.18.36:113][538]LogDirectoryWatcher: A directory notification for '../../../Engine/Plugins/' was aborted.
[2017.07.31-08.18.36:120][538]LogWindowsTextInputMethodSystem:Display: IME system now activated using TSF (Microsoft 입력기).
[2017.07.31-08.18.36:387][539]Cmd: QUIT_EDITOR
[2017.07.31-08.18.36:482][539]LogExit: Preparing to exit.
[2017.07.31-08.18.36:842][539]LogDirectoryWatcher: A directory notification for 'C:/Users/tlstk/Desktop/Unreal Projects/Tutorial_Level/Content/' was aborted.
[2017.07.31-08.18.36:869][539]LogExit: Editor shut down
[2017.07.31-08.18.36:874][539]LogExit: Transaction tracking system shut down
[2017.07.31-08.18.36:944][539]LogObj: Freed 0b from 0 cluster array pools.
[2017.07.31-08.18.36:945][539]LogExit: Object subsystem successfully closed.
[2017.07.31-08.18.36:971][539]LogD3D11RHI: Shutdown
[2017.07.31-08.18.36:971][539]LogD3D11RHI: CleanupD3DDevice
[2017.07.31-08.18.37:065][539]LogD3D11RHI: ~FD3D11DynamicRHI
[2017.07.31-08.18.37:082][539]LogModuleManager: Shutting down and abandoning module HierarchicalLODOutliner (490)
[2017.07.31-08.18.37:082][539]LogModuleManager: Shutting down and abandoning module CrashTracker (488)
[2017.07.31-08.18.37:082][539]LogModuleManager: Shutting down and abandoning module SceneOutliner (486)
[2017.07.31-08.18.37:082][539]LogModuleManager: Shutting down and abandoning module AddContentDialog (484)
[2017.07.31-08.18.37:082][539]LogDirectoryWatcher: A directory notification for 'C:/Program Files/Epic Games/UE_4.16/FeaturePacks/' was aborted.
[2017.07.31-08.18.37:083][539]LogModuleManager: Shutting down and abandoning module WidgetCarousel (483)
[2017.07.31-08.18.37:083][539]LogModuleManager: Shutting down and abandoning module EditorWidgets (480)
[2017.07.31-08.18.37:083][539]LogModuleManager: Shutting down and abandoning module CollectionManager (478)
[2017.07.31-08.18.37:083][539]LogDirectoryWatcher: A directory notification for 'C:/Users/tlstk/Desktop/Unreal Projects/Tutorial_Level/Content/Collections/' was aborted.
[2017.07.31-08.18.37:083][539]LogDirectoryWatcher: A directory notification for 'C:/Users/tlstk/Desktop/Unreal Projects/Tutorial_Level/Content/Developers/tlstk/Collections/' was aborted.
[2017.07.31-08.18.37:084][539]LogDirectoryWatcher: A directory notification for 'C:/Users/tlstk/Desktop/Unreal Projects/Tutorial_Level/Saved/Collections/' was aborted.
[2017.07.31-08.18.37:084][539]LogModuleManager: Shutting down and abandoning module StatsViewer (476)
[2017.07.31-08.18.37:084][539]LogModuleManager: Shutting down and abandoning module FoliageEdit (474)
[2017.07.31-08.18.37:084][539]LogModuleManager: Shutting down and abandoning module LandscapeEditor (472)
[2017.07.31-08.18.37:084][539]LogModuleManager: Shutting down and abandoning module MeshPaintMode (470)
[2017.07.31-08.18.37:084][539]LogModuleManager: Shutting down and abandoning module MeshPaint (469)
[2017.07.31-08.18.37:084][539]LogModuleManager: Shutting down and abandoning module SceneDepthPickerMode (466)
[2017.07.31-08.18.37:084][539]LogModuleManager: Shutting down and abandoning module ActorPickerMode (464)
[2017.07.31-08.18.37:084][539]LogModuleManager: Shutting down and abandoning module GeometryMode (462)
[2017.07.31-08.18.37:084][539]LogModuleManager: Shutting down and abandoning module TextureAlignMode (460)
[2017.07.31-08.18.37:084][539]LogModuleManager: Shutting down and abandoning module BspMode (458)
[2017.07.31-08.18.37:084][539]LogModuleManager: Shutting down and abandoning module HardwareSurvey (456)
[2017.07.31-08.18.37:084][539]LogModuleManager: Shutting down and abandoning module SequenceRecorderSections (454)
[2017.07.31-08.18.37:084][539]LogModuleManager: Shutting down and abandoning module AutomationWorker (452)
[2017.07.31-08.18.37:084][539]LogModuleManager: Shutting down and abandoning module MatineeToLevelSequence (450)
[2017.07.31-08.18.37:084][539]LogModuleManager: Shutting down and abandoning module LevelSequenceEditor (448)
[2017.07.31-08.18.37:084][539]LogModuleManager: Shutting down and abandoning module PlacementMode (447)
[2017.07.31-08.18.37:084][539]LogModuleManager: Shutting down and abandoning module WmfMediaFactory (444)
[2017.07.31-08.18.37:084][539]LogModuleManager: Shutting down and abandoning module WmfMediaEditor (442)
[2017.07.31-08.18.37:084][539]LogModuleManager: Shutting down and abandoning module AvfMediaFactory (440)
[2017.07.31-08.18.37:084][539]LogModuleManager: Shutting down and abandoning module Media (439)
[2017.07.31-08.18.37:084][539]LogModuleManager: Shutting down and abandoning module AvfMediaEditor (436)
[2017.07.31-08.18.37:084][539]LogModuleManager: Shutting down and abandoning module AudioCapture (434)
[2017.07.31-08.18.37:084][539]LogModuleManager: Shutting down and abandoning module SequenceRecorder (433)
[2017.07.31-08.18.37:084][539]LogModuleManager: Shutting down and abandoning module SessionServices (430)
[2017.07.31-08.18.37:084][539]LogModuleManager: Shutting down and abandoning module ViewportSnapping (428)
[2017.07.31-08.18.37:084][539]LogModuleManager: Shutting down and abandoning module ViewportInteraction (426)
[2017.07.31-08.18.37:084][539]LogModuleManager: Shutting down and abandoning module ClothPainter (424)
[2017.07.31-08.18.37:084][539]LogModuleManager: Shutting down and abandoning module LogVisualizer (422)
[2017.07.31-08.18.37:084][539]LogModuleManager: Shutting down and abandoning module IntroTutorials (420)
[2017.07.31-08.18.37:084][539]LogModuleManager: Shutting down and abandoning module GameProjectGeneration (419)
[2017.07.31-08.18.37:084][539]LogModuleManager: Shutting down and abandoning module EditorLiveStreaming (416)
[2017.07.31-08.18.37:084][539]LogModuleManager: Shutting down and abandoning module IOSPlatformEditor (414)
[2017.07.31-08.18.37:084][539]LogModuleManager: Shutting down and abandoning module HTML5PlatformEditor (412)
[2017.07.31-08.18.37:084][539]LogModuleManager: Shutting down and abandoning module AndroidPlatformEditor (410)
[2017.07.31-08.18.37:084][539]LogModuleManager: Shutting down and abandoning module AndroidDeviceDetection (409)
[2017.07.31-08.18.37:728][539]LogModuleManager: Shutting down and abandoning module IOSRuntimeSettings (406)
[2017.07.31-08.18.37:728][539]LogModuleManager: Shutting down and abandoning module AndroidRuntimeSettings (404)
[2017.07.31-08.18.37:728][539]LogModuleManager: Shutting down and abandoning module InputBindingEditor (402)
[2017.07.31-08.18.37:728][539]LogModuleManager: Shutting down and abandoning module MergeActors (400)
[2017.07.31-08.18.37:728][539]LogModuleManager: Shutting down and abandoning module SizeMap (398)
[2017.07.31-08.18.37:728][539]LogModuleManager: Shutting down and abandoning module TreeMap (396)
[2017.07.31-08.18.37:728][539]LogModuleManager: Shutting down and abandoning module ReferenceViewer (394)
[2017.07.31-08.18.37:728][539]LogModuleManager: Shutting down and abandoning module LocalizationDashboard (392)
[2017.07.31-08.18.37:728][539]LogModuleManager: Shutting down and abandoning module LocalizationService (391)
[2017.07.31-08.18.37:728][539]LogModuleManager: Shutting down and abandoning module HardwareTargeting (388)
[2017.07.31-08.18.37:728][539]LogModuleManager: Shutting down and abandoning module DeviceProfileEditor (386)
[2017.07.31-08.18.37:728][539]LogModuleManager: Shutting down and abandoning module UndoHistory (384)
[2017.07.31-08.18.37:728][539]LogModuleManager: Shutting down and abandoning module UserFeedback (382)
[2017.07.31-08.18.37:728][539]LogModuleManager: Shutting down and abandoning module XmlParser (380)
[2017.07.31-08.18.37:728][539]LogModuleManager: Shutting down and abandoning module Blutility (378)
[2017.07.31-08.18.37:728][539]LogModuleManager: Shutting down and abandoning module ProjectSettingsViewer (376)
[2017.07.31-08.18.37:728][539]LogModuleManager: Shutting down and abandoning module ProjectTargetPlatformEditor (375)
[2017.07.31-08.18.37:728][539]LogModuleManager: Shutting down and abandoning module EditorSettingsViewer (372)
[2017.07.31-08.18.37:728][539]LogModuleManager: Shutting down and abandoning module SettingsEditor (370)
[2017.07.31-08.18.37:728][539]LogModuleManager: Shutting down and abandoning module ProjectLauncher (368)
[2017.07.31-08.18.37:728][539]LogModuleManager: Shutting down and abandoning module SessionFrontend (366)
[2017.07.31-08.18.37:728][539]LogModuleManager: Shutting down and abandoning module ProfilerClient (364)
[2017.07.31-08.18.37:728][539]LogModuleManager: Shutting down and abandoning module DeviceManager (362)
[2017.07.31-08.18.37:728][539]LogModuleManager: Shutting down and abandoning module TargetDeviceServices (361)
[2017.07.31-08.18.37:782][539]LogModuleManager: Shutting down and abandoning module AutomationController (358)
[2017.07.31-08.18.37:782][539]LogModuleManager: Shutting down and abandoning module AutomationWindow (356)
[2017.07.31-08.18.37:782][539]LogModuleManager: Shutting down and abandoning module Layers (354)
[2017.07.31-08.18.37:782][539]LogModuleManager: Shutting down and abandoning module ComponentVisualizers (352)
[2017.07.31-08.18.37:782][539]LogModuleManager: Shutting down and abandoning module DetailCustomizations (350)
[2017.07.31-08.18.37:782][539]LogModuleManager: Shutting down and abandoning module PackagesDialog (348)
[2017.07.31-08.18.37:782][539]LogModuleManager: Shutting down and abandoning module Persona (346)
[2017.07.31-08.18.37:782][539]LogModuleManager: Shutting down and abandoning module AdvancedPreviewScene (345)
[2017.07.31-08.18.37:782][539]LogModuleManager: Shutting down and abandoning module AnimGraph (343)
[2017.07.31-08.18.37:782][539]LogModuleManager: Shutting down and abandoning module Kismet (340)
[2017.07.31-08.18.37:782][539]LogModuleManager: Shutting down and abandoning module LevelEditor (339)
[2017.07.31-08.18.37:783][539]LogModuleManager: Shutting down and abandoning module PixelInspectorModule (338)
[2017.07.31-08.18.37:783][539]LogModuleManager: Shutting down and abandoning module ClassViewer (334)
[2017.07.31-08.18.37:783][539]LogModuleManager: Shutting down and abandoning module Toolbox (332)
[2017.07.31-08.18.37:783][539]LogModuleManager: Shutting down and abandoning module ModuleUI (330)
[2017.07.31-08.18.37:783][539]LogModuleManager: Shutting down and abandoning module MovieSceneTools (328)
[2017.07.31-08.18.37:783][539]LogModuleManager: Shutting down and abandoning module OutputLog (326)
[2017.07.31-08.18.37:783][539]LogModuleManager: Shutting down and abandoning module GammaUI (324)
[2017.07.31-08.18.37:783][539]LogModuleManager: Shutting down and abandoning module Documentation (322)
[2017.07.31-08.18.37:783][539]LogModuleManager: Shutting down and abandoning module MovieSceneTracks (320)
[2017.07.31-08.18.37:783][539]LogModuleManager: Shutting down and abandoning module MovieScene (318)
[2017.07.31-08.18.37:784][539]LogModuleManager: Shutting down and abandoning module Niagara (316)
[2017.07.31-08.18.37:784][539]LogModuleManager: Shutting down and abandoning module NiagaraEditor (315)
[2017.07.31-08.18.37:784][539]LogModuleManager: Shutting down and abandoning module StreamingPauseRendering (312)
[2017.07.31-08.18.37:784][539]LogModuleManager: Shutting down and abandoning module AnalyticsET (310)
[2017.07.31-08.18.37:784][539]LogModuleManager: Shutting down and abandoning module PortalServices (308)
[2017.07.31-08.18.37:784][539]LogModuleManager: Shutting down and abandoning module PortalRpc (306)
[2017.07.31-08.18.37:784][539]LogModuleManager: Shutting down and abandoning module MessagingRpc (304)
[2017.07.31-08.18.37:784][539]LogModuleManager: Shutting down and abandoning module AIModule (302)
[2017.07.31-08.18.37:784][539]LogModuleManager: Shutting down and abandoning module GameplayDebugger (301)
[2017.07.31-08.18.37:784][539]LogModuleManager: Shutting down and abandoning module AITestSuite (299)
[2017.07.31-08.18.37:784][539]LogModuleManager: Shutting down and abandoning module ProfilerService (296)
[2017.07.31-08.18.37:823][539]LogModuleManager: Shutting down and abandoning module TaskGraph (294)
[2017.07.31-08.18.37:823][539]LogModuleManager: Shutting down and abandoning module ProceduralMeshComponentEditor (292)
[2017.07.31-08.18.37:823][539]LogModuleManager: Shutting down and abandoning module ProceduralMeshComponent (290)
[2017.07.31-08.18.37:823][539]LogModuleManager: Shutting down and abandoning module CustomMeshComponent (288)
[2017.07.31-08.18.37:823][539]LogModuleManager: Shutting down and abandoning module CableComponent (286)
[2017.07.31-08.18.37:823][539]LogModuleManager: Shutting down and abandoning module ArchVisCharacter (284)
[2017.07.31-08.18.37:823][539]LogModuleManager: Shutting down and abandoning module MediaPlayerEditor (280)
[2017.07.31-08.18.37:823][539]LogModuleManager: Shutting down and abandoning module HTML5Networking (278)
[2017.07.31-08.18.37:823][539]LogModuleManager: Shutting down and abandoning module AlembicImporter (276)
[2017.07.31-08.18.37:823][539]LogModuleManager: Shutting down and abandoning module AlembicLibrary (275)
[2017.07.31-08.18.37:823][539]LogModuleManager: Shutting down and abandoning module GeometryCache (274)
[2017.07.31-08.18.37:823][539]LogModuleManager: Shutting down and abandoning module GeometryCacheEd (273)
[2017.07.31-08.18.37:823][539]LogModuleManager: Shutting down and abandoning module SuperSearchEditor (268)
[2017.07.31-08.18.37:823][539]LogModuleManager: Shutting down and abandoning module SuperSearch (267)
[2017.07.31-08.18.37:824][539]LogModuleManager: Shutting down and abandoning module SpeedTreeImporter (264)
[2017.07.31-08.18.37:824][539]LogModuleManager: Shutting down and abandoning module PluginBrowser (262)
[2017.07.31-08.18.37:824][539]LogModuleManager: Shutting down and abandoning module MainFrame (261)
[2017.07.31-08.18.37:824][539]LogModuleManager: Shutting down and abandoning module MobileLauncherProfileWizard (258)
[2017.07.31-08.18.37:824][539]LogModuleManager: Shutting down and abandoning module VisualStudioSourceCodeAccess (256)
[2017.07.31-08.18.37:824][539]LogModuleManager: Shutting down and abandoning module DesktopPlatform (255)
[2017.07.31-08.18.37:824][539]LogModuleManager: Shutting down and abandoning module HotReload (253)
[2017.07.31-08.18.37:824][539]LogModuleManager: Shutting down and abandoning module UObjectPlugin (250)
[2017.07.31-08.18.37:824][539]LogModuleManager: Shutting down and abandoning module SubversionSourceControl (248)
[2017.07.31-08.18.37:824][539]LogModuleManager: Shutting down and abandoning module PerforceSourceControl (246)
[2017.07.31-08.18.37:824][539]LogModuleManager: Shutting down and abandoning module GitSourceControl (244)
[2017.07.31-08.18.37:824][539]LogModuleManager: Shutting down and abandoning module SourceControl (243)
[2017.07.31-08.18.37:824][539]LogModuleManager: Shutting down and abandoning module LightPropagationVolumeEditor (240)
[2017.07.31-08.18.37:824][539]LogModuleManager: Shutting down and abandoning module PhysXVehiclesEditor (238)
[2017.07.31-08.18.37:825][539]LogModuleManager: Shutting down and abandoning module PhysXVehicles (236)
[2017.07.31-08.18.37:825][539]LogModuleManager: Shutting down and abandoning module LocationServicesBPLibrary (234)
[2017.07.31-08.18.37:825][539]LogModuleManager: Shutting down and abandoning module ImmediatePhysicsEditor (232)
[2017.07.31-08.18.37:825][539]LogModuleManager: Shutting down and abandoning module ImmediatePhysics (230)
[2017.07.31-08.18.37:825][539]LogModuleManager: Shutting down and abandoning module UdpMessaging (228)
[2017.07.31-08.18.38:083][539]LogModuleManager: Shutting down and abandoning module TcpMessaging (226)
[2017.07.31-08.18.38:196][539]LogModuleManager: Shutting down and abandoning module GameplayTagsEditor (224)
[2017.07.31-08.18.38:196][539]LogModuleManager: Shutting down and abandoning module FacialAnimationEditor (222)
[2017.07.31-08.18.38:196][539]LogModuleManager: Shutting down and abandoning module FacialAnimation (220)
[2017.07.31-08.18.38:196][539]LogModuleManager: Shutting down and abandoning module AssetManagerEditor (218)
[2017.07.31-08.18.38:196][539]LogModuleManager: Shutting down and abandoning module GraphEditor (217)
[2017.07.31-08.18.38:196][539]LogModuleManager: Shutting down and abandoning module ContentBrowser (215)
[2017.07.31-08.18.38:199][539]LogModuleManager: Shutting down and abandoning module LightPropagationVolumeRuntime (212)
[2017.07.31-08.18.38:199][539]LogModuleManager: Shutting down and abandoning module WindowsMoviePlayer (210)
[2017.07.31-08.18.38:199][539]LogModuleManager: Shutting down and abandoning module WmfMedia (208)
[2017.07.31-08.18.38:199][539]LogModuleManager: Shutting down and abandoning module ClothingSystemEditor (206)
[2017.07.31-08.18.38:199][539]LogModuleManager: Shutting down and abandoning module ClothingSystemRuntime (204)
[2017.07.31-08.18.38:199][539]LogModuleManager: Shutting down and abandoning module MediaAssets (202)
[2017.07.31-08.18.38:199][539]LogModuleManager: Shutting down and abandoning module GameLiveStreaming (200)
[2017.07.31-08.18.38:199][539]LogModuleManager: Shutting down and abandoning module VREditor (198)
[2017.07.31-08.18.38:199][539]LogModuleManager: Shutting down and abandoning module StringTableEditor (196)
[2017.07.31-08.18.38:199][539]LogModuleManager: Shutting down and abandoning module GameplayTasksEditor (194)
[2017.07.31-08.18.38:199][539]LogModuleManager: Shutting down and abandoning module BehaviorTreeEditor (192)
[2017.07.31-08.18.38:199][539]LogModuleManager: Shutting down and abandoning module FunctionalTesting (190)
[2017.07.31-08.18.38:199][539]LogModuleManager: Shutting down and abandoning module CollisionAnalyzer (188)
[2017.07.31-08.18.38:199][539]LogModuleManager: Shutting down and abandoning module UMG (186)
[2017.07.31-08.18.38:199][539]LogModuleManager: Shutting down and abandoning module UMGEditor (185)
[2017.07.31-08.18.38:200][539]LogModuleManager: Shutting down and abandoning module Sequencer (184)
[2017.07.31-08.18.38:200][539]LogModuleManager: Shutting down and abandoning module AssetTools (182)
[2017.07.31-08.18.38:200][539]LogModuleManager: Shutting down and abandoning module MessageLog (181)
[2017.07.31-08.18.38:200][539]LogModuleManager: Shutting down and abandoning module WorkspaceMenuStructure (180)
[2017.07.31-08.18.38:200][539]LogModuleManager: Shutting down and abandoning module SlateReflector (174)
[2017.07.31-08.18.38:200][539]LogModuleManager: Shutting down and abandoning module Slate (172)
[2017.07.31-08.18.38:200][539]LogModuleManager: Shutting down and abandoning module EditorStyle (170)
[2017.07.31-08.18.38:204][539]LogModuleManager: Shutting down and abandoning module SourceCodeAccess (168)
[2017.07.31-08.18.38:204][539]LogModuleManager: Shutting down and abandoning module HeadMountedDisplay (166)
[2017.07.31-08.18.38:204][539]LogModuleManager: Shutting down and abandoning module XAudio2 (164)
[2017.07.31-08.18.38:204][539]LogModuleManager: Shutting down and abandoning module Networking (162)
[2017.07.31-08.18.38:204][539]LogModuleManager: Shutting down and abandoning module Core (158)
[2017.07.31-08.18.38:204][539]LogModuleManager: Shutting down and abandoning module AssetRegistry (156)
[2017.07.31-08.18.38:441][539]LogDirectoryWatcher: A directory notification for '../../../Engine/Content/' was aborted.
[2017.07.31-08.18.38:441][539]LogDirectoryWatcher: A directory notification for '../../../../../../Users/tlstk/Desktop/Unreal Projects/Tutorial_Level/Content/' was aborted.
[2017.07.31-08.18.38:444][539]LogModuleManager: Shutting down and abandoning module DirectoryWatcher (155)
[2017.07.31-08.18.38:445][539]LogModuleManager: Shutting down and abandoning module KismetCompiler (152)
[2017.07.31-08.18.38:445][539]LogModuleManager: Shutting down and abandoning module LevelSequence (150)
[2017.07.31-08.18.38:445][539]LogModuleManager: Shutting down and abandoning module PhysXFormats (148)
[2017.07.31-08.18.38:445][539]LogModuleManager: Shutting down and abandoning module MeshUtilities (146)
[2017.07.31-08.18.38:445][539]LogModuleManager: Shutting down and abandoning module SimplygonSwarm (145)
[2017.07.31-08.18.38:445][539]LogModuleManager: Shutting down and abandoning module SimplygonMeshReduction (143)
[2017.07.31-08.18.38:445][539]LogModuleManager: Shutting down and abandoning module QuadricMeshReduction (141)
[2017.07.31-08.18.38:445][539]LogModuleManager: Shutting down and abandoning module DerivedDataCache (138)
[2017.07.31-08.18.38:843][539]LogDerivedDataCache: Shutdown
[2017.07.31-08.18.38:843][539]LogModuleManager: Shutting down and abandoning module TargetPlatform (136)
[2017.07.31-08.18.38:843][539]LogModuleManager: Shutting down and abandoning module VulkanShaderFormat (135)
[2017.07.31-08.18.38:843][539]LogModuleManager: Shutting down and abandoning module ShaderFormatVectorVM (133)
[2017.07.31-08.18.38:843][539]LogModuleManager: Shutting down and abandoning module ShaderFormatOpenGL (131)
[2017.07.31-08.18.38:843][539]LogModuleManager: Shutting down and abandoning module ShaderFormatD3D (129)
[2017.07.31-08.18.38:843][539]LogModuleManager: Shutting down and abandoning module MetalShaderFormat (127)
[2017.07.31-08.18.38:843][539]LogModuleManager: Shutting down and abandoning module TextureFormatUncompressed (125)
[2017.07.31-08.18.38:843][539]LogModuleManager: Shutting down and abandoning module TextureFormatPVR (123)
[2017.07.31-08.18.38:843][539]LogModuleManager: Shutting down and abandoning module TextureFormatDXT (121)
[2017.07.31-08.18.38:843][539]LogModuleManager: Shutting down and abandoning module TextureFormatIntelISPCTexComp (119)
[2017.07.31-08.18.38:843][539]LogModuleManager: Shutting down and abandoning module TextureFormatASTC (117)
[2017.07.31-08.18.38:843][539]LogModuleManager: Shutting down and abandoning module ImageWrapper (116)
[2017.07.31-08.18.38:843][539]LogModuleManager: Shutting down and abandoning module TextureFormatAndroid (113)
[2017.07.31-08.18.38:843][539]LogModuleManager: Shutting down and abandoning module AudioFormatOpus (111)
[2017.07.31-08.18.38:843][539]LogModuleManager: Shutting down and abandoning module AudioFormatOgg (109)
[2017.07.31-08.18.38:843][539]LogModuleManager: Shutting down and abandoning module AudioFormatADPCM (107)
[2017.07.31-08.18.38:843][539]LogModuleManager: Shutting down and abandoning module LinuxTargetPlatform (105)
[2017.07.31-08.18.38:843][539]LogModuleManager: Shutting down and abandoning module LinuxServerTargetPlatform (103)
[2017.07.31-08.18.38:843][539]LogModuleManager: Shutting down and abandoning module LinuxNoEditorTargetPlatform (101)
[2017.07.31-08.18.38:843][539]LogModuleManager: Shutting down and abandoning module LinuxClientTargetPlatform (99)
[2017.07.31-08.18.38:843][539]LogModuleManager: Shutting down and abandoning module TVOSTargetPlatform (97)
[2017.07.31-08.18.38:843][539]LogModuleManager: Shutting down and abandoning module Messaging (95)
[2017.07.31-08.18.38:843][539]LogModuleManager: Shutting down and abandoning module IOSTargetPlatform (93)
[2017.07.31-08.18.38:843][539]LogModuleManager: Shutting down and abandoning module HTML5TargetPlatform (91)
[2017.07.31-08.18.38:843][539]LogModuleManager: Shutting down and abandoning module Android_PVRTCTargetPlatform (89)
[2017.07.31-08.18.38:843][539]LogModuleManager: Shutting down and abandoning module Android_MultiTargetPlatform (87)
[2017.07.31-08.18.38:843][539]LogModuleManager: Shutting down and abandoning module Android_ETC2TargetPlatform (85)
[2017.07.31-08.18.38:843][539]LogModuleManager: Shutting down and abandoning module Android_ETC1TargetPlatform (83)
[2017.07.31-08.18.38:843][539]LogModuleManager: Shutting down and abandoning module Android_DXTTargetPlatform (81)
[2017.07.31-08.18.38:843][539]LogModuleManager: Shutting down and abandoning module Android_ATCTargetPlatform (79)
[2017.07.31-08.18.38:843][539]LogModuleManager: Shutting down and abandoning module Android_ASTCTargetPlatform (77)
[2017.07.31-08.18.38:843][539]LogModuleManager: Shutting down and abandoning module AndroidTargetPlatform (75)
[2017.07.31-08.18.38:843][539]LogModuleManager: Shutting down and abandoning module WindowsTargetPlatform (73)
[2017.07.31-08.18.38:843][539]LogModuleManager: Shutting down and abandoning module WindowsServerTargetPlatform (71)
[2017.07.31-08.18.38:843][539]LogModuleManager: Shutting down and abandoning module WindowsNoEditorTargetPlatform (69)
[2017.07.31-08.18.38:843][539]LogModuleManager: Shutting down and abandoning module WindowsClientTargetPlatform (67)
[2017.07.31-08.18.38:843][539]LogModuleManager: Shutting down and abandoning module MacTargetPlatform (65)
[2017.07.31-08.18.38:843][539]LogModuleManager: Shutting down and abandoning module MacServerTargetPlatform (63)
[2017.07.31-08.18.38:843][539]LogModuleManager: Shutting down and abandoning module MacNoEditorTargetPlatform (61)
[2017.07.31-08.18.38:843][539]LogModuleManager: Shutting down and abandoning module MacClientTargetPlatform (59)
[2017.07.31-08.18.38:843][539]LogModuleManager: Shutting down and abandoning module AllDesktopTargetPlatform (57)
[2017.07.31-08.18.38:843][539]LogModuleManager: Shutting down and abandoning module InputCore (54)
[2017.07.31-08.18.38:843][539]LogModuleManager: Shutting down and abandoning module Settings (52)
[2017.07.31-08.18.38:843][539]LogModuleManager: Shutting down and abandoning module ExampleDeviceProfileSelector (50)
[2017.07.31-08.18.38:843][539]LogModuleManager: Shutting down and abandoning module OnlineBlueprintSupport (48)
[2017.07.31-08.18.38:843][539]LogModuleManager: Shutting down and abandoning module OnlineSubsystem (44)
[2017.07.31-08.18.38:843][539]LogOnline:Display: Unloading online subsystem: NULL
[2017.07.31-08.18.38:843][539]LogModuleManager: Shutting down and abandoning module XMPP (43)
[2017.07.31-08.18.38:843][539]LogModuleManager: Shutting down and abandoning module HTTP (41)
[2017.07.31-08.18.38:843][539]LogHttp:Display: Http module shutting down, but needs to wait on 1 outstanding Http requests:
[2017.07.31-08.18.38:843][539]LogHttp:Display: 	verb=[POST] url=[https://datarouter.ol.epicgames.com/datarouter/api/v1/public/data?SessionID=%7B63957F37-46DD-56D7-73B1-E6864503B761%7D&AppID=UEEditor.Rocket.Release&AppVersion=4.16.2-3514769%2B%2B%2BUE4%2BRelease-4.16&UserID=d819205c49ccdc5218c8c7b1cdb622cb%7Ce9abd0643c81437cbe0d3af0070a4d48%7C910f5fb1-90c2-4aef-bf25-dd1613a7efe4&AppEnvironment=datacollector-binary&UploadType=eteventstream] status=Processing
[2017.07.31-08.18.38:858][539]LogModuleManager: Shutting down and abandoning module SSL (40)
[2017.07.31-08.18.38:859][539]LogModuleManager: Shutting down and abandoning module HTTPChunkInstaller (36)
[2017.07.31-08.18.38:859][539]LogModuleManager: Shutting down and abandoning module AnimationModifiers (34)
[2017.07.31-08.18.38:859][539]LogModuleManager: Shutting down and abandoning module PropertyEditor (33)
[2017.07.31-08.18.38:859][539]LogModuleManager: Shutting down and abandoning module AudioEditor (30)
[2017.07.31-08.18.38:859][539]LogModuleManager: Shutting down and abandoning module TextureCompressor (28)
[2017.07.31-08.18.38:859][539]LogModuleManager: Shutting down and abandoning module ShaderCore (26)
[2017.07.31-08.18.38:859][539]LogModuleManager: Shutting down and abandoning module Landscape (24)
[2017.07.31-08.18.38:859][539]LogModuleManager: Shutting down and abandoning module SlateRHIRenderer (22)
[2017.07.31-08.18.38:860][539]LogModuleManager: Shutting down and abandoning module OpenGLDrv (20)
[2017.07.31-08.18.38:861][539]LogModuleManager: Shutting down and abandoning module D3D11RHI (18)
[2017.07.31-08.18.38:861][539]LogModuleManager: Shutting down and abandoning module AnimGraphRuntime (16)
[2017.07.31-08.18.38:861][539]LogModuleManager: Shutting down and abandoning module Renderer (14)
[2017.07.31-08.18.38:861][539]LogModuleManager: Shutting down and abandoning module Engine (12)
[2017.07.31-08.18.38:861][539]LogModuleManager: Shutting down and abandoning module CoreUObject (10)
[2017.07.31-08.18.38:861][539]LogModuleManager: Shutting down and abandoning module NetworkFile (8)
[2017.07.31-08.18.38:861][539]LogModuleManager: Shutting down and abandoning module StreamingFile (6)
[2017.07.31-08.18.38:861][539]LogModuleManager: Shutting down and abandoning module SandboxFile (4)
[2017.07.31-08.18.38:861][539]LogModuleManager: Shutting down and abandoning module PakFile (2)
[2017.07.31-08.18.38:862][539]LogExit: Exiting.
[2017.07.31-08.18.38:881][539]Log file closed, 07/31/17 17:18:38
