Log file open, 07/31/17 17:18:37
LogInit:Display: Running engine for game: Tutorial_Level
LogPlatformFile: Not using cached read wrapper
LogInit:Display: RandInit(1081484477) SRandInit(1081484478).
LogTaskGraph: Started task graph with 5 named threads and 6 total threads with 1 sets of task threads.
LogStats: Stats thread started at 0.107277
LogInit: Using libcurl 7.47.1
LogInit:  - built for x86_64-pc-win32
LogInit:  - supports SSL with OpenSSL/1.0.2g
LogInit:  - supports HTTP deflate (compression) using libz 1.2.8
LogInit:  - other features:
LogInit:      CURL_VERSION_SSL
LogInit:      CURL_VERSION_LIBZ
LogInit:      CURL_VERSION_IPV6
LogInit:      CURL_VERSION_ASYNCHDNS
LogInit:      CURL_VERSION_LARGEFILE
LogInit:      CURL_VERSION_IDN
LogInit:  CurlRequestOptions (configurable via config and command line):
LogInit:  - bVerifyPeer = false  - Libcurl will NOT verify peer certificate
LogInit:  - bUseHttpProxy = false  - Libcurl will NOT use HTTP proxy
LogInit:  - bDontReuseConnections = false  - Libcurl will reuse connections
LogInit:  - CertBundlePath = nullptr  - Libcurl will use whatever was configured at build time.
LogInit: Build: ++UE4+Release-4.16-CL-3514769
LogInit: Engine Version: 4.16.2-3514769+++UE4+Release-4.16
LogInit: Compatible Engine Version: 4.16.0-3452394+++UE4+Release-4.16
LogInit: Net CL: 3452394
LogDevObjectVersion: Number of dev versions registered: 16
LogDevObjectVersion:   Dev-Blueprints (B0D832E4-1F89-4F0D-ACCF-7EB736FD4AA2): 9
LogDevObjectVersion:   Dev-Build (E1C64328-A22C-4D53-A36C-8E866417BD8C): 0
LogDevObjectVersion:   Dev-Core (375EC13C-06E4-48FB-B500-84F0262A717E): 2
LogDevObjectVersion:   Dev-Editor (E4B068ED-F494-42E9-A231-DA0B2E46BB41): 17
LogDevObjectVersion:   Dev-Framework (CFFC743F-43B0-4480-9391-14DF171D2073): 23
LogDevObjectVersion:   Dev-Mobile (B02B49B5-BB20-44E9-A304-32B752E40360): 0
LogDevObjectVersion:   Dev-Networking (A4E4105C-59A1-49B5-A7C5-40C4547EDFEE): 0
LogDevObjectVersion:   Dev-Online (39C831C9-5AE6-47DC-9A44-9C173E1C8E7C): 0
LogDevObjectVersion:   Dev-Physics (78F01B33-EBEA-4F98-B9B4-84EACCB95AA2): 0
LogDevObjectVersion:   Dev-Platform (6631380F-2D4D-43E0-8009-CF276956A95A): 0
LogDevObjectVersion:   Dev-Rendering (12F88B9F-8875-4AFC-A67C-D90C383ABD29): 15
LogDevObjectVersion:   Dev-Sequencer (7B5AE74C-D270-4C10-A958-57980B212A5A): 4
LogDevObjectVersion:   Dev-VR (D7296918-1DD6-4BDD-9DE2-64A83CC13884): 0
LogDevObjectVersion:   Dev-LoadTimes (C2A15278-BFE7-4AFE-6C17-90FF531DF755): 1
LogDevObjectVersion:   Private-Geometry (6EACA3D4-40EC-4CC1-B786-8BED09428FC5): 1
LogDevObjectVersion:   Dev-AnimPhys (29E575DD-E0A3-4627-9D10-D276232CDCEA): 3
LogInit: Compiled (64-bit): Jun 29 2017 02:03:24
LogInit: Compiled with Visual C++: 19.00.24215.01
LogInit: Build Configuration: Development
LogInit: Branch Name: ++UE4+Release-4.16
LogInit: Command line:  
LogInit: Base directory: C:/Program Files/Epic Games/UE_4.16/Engine/Binaries/Win64/
LogInit: Installed Engine Build: 1
LogInit: Presizing for max 8388607 objects, including 0 objects not considered by GC, pre-allocating 0 bytes for permanent pool.
LogInit: Object subsystem initialized
[2017.07.31-08.18.38:534][  0]LogInit: Selected Device Profile: [Windows]
[2017.07.31-08.18.38:534][  0]LogInit: Applying CVar settings loaded from the selected device profile: [Windows]
[2017.07.31-08.18.38:546][  0]LogInit: Computer: DESKTOP-RNSDQO3
[2017.07.31-08.18.38:546][  0]LogInit: User: tlstk
[2017.07.31-08.18.38:546][  0]LogInit: CPU Page size=4096, Cores=2
[2017.07.31-08.18.38:546][  0]LogInit: High frequency timer resolution =2.648441 MHz
[2017.07.31-08.18.38:546][  0]LogMemory: Memory total: Physical=7.9GB (8GB approx)
[2017.07.31-08.18.38:546][  0]LogMemory: Platform Memory Stats for Windows
[2017.07.31-08.18.38:546][  0]LogMemory: Process Physical Memory: 272.60 MB used, 272.60 MB peak
[2017.07.31-08.18.38:546][  0]LogMemory: Process Virtual Memory: 266.35 MB used, 266.35 MB peak
[2017.07.31-08.18.38:546][  0]LogMemory: Physical Memory: 4183.47 MB used,  3867.73 MB free, 8051.20 MB total
[2017.07.31-08.18.38:546][  0]LogMemory: Virtual Memory: 640.96 MB used,  3867.73 MB free, 134217728.00 MB total
[2017.07.31-08.18.38:620][  0]LogInit: Using OS detected language (ko-KR).
[2017.07.31-08.18.38:620][  0]LogInit: Using OS detected locale (ko-KR).
[2017.07.31-08.18.38:624][  0]LogTextLocalizationManager: No specific localization for 'ko-KR' exists, so the 'ko' localization will be used.
[2017.07.31-08.18.39:611][  0]LogD3D11RHI: D3D11 adapters:
[2017.07.31-08.18.39:620][  0]LogD3D11RHI:    0. 'Intel(R) HD Graphics 620' (Feature Level 11_0)
[2017.07.31-08.18.39:620][  0]LogD3D11RHI:       128/0/4025 MB DedicatedVideo/DedicatedSystem/SharedSystem, Outputs:1, VendorId:0x8086
[2017.07.31-08.18.39:622][  0]LogD3D11RHI:    1. 'Microsoft Basic Render Driver' (Feature Level 11_0)
[2017.07.31-08.18.39:622][  0]LogD3D11RHI:       0/0/4025 MB DedicatedVideo/DedicatedSystem/SharedSystem, Outputs:0, VendorId:0x1414
[2017.07.31-08.18.39:622][  0]LogD3D11RHI: Chosen D3D11 Adapter: 0
[2017.07.31-08.18.39:626][  0]LogD3D11RHI: Creating new Direct3DDevice
[2017.07.31-08.18.39:627][  0]LogD3D11RHI:     GPU DeviceId: 0x5916 (for the marketing name, search the web for "GPU Device Id")
[2017.07.31-08.18.39:627][  0]LogWindows: EnumDisplayDevices:
[2017.07.31-08.18.39:627][  0]LogWindows:    0. 'Intel(R) HD Graphics 620' (P:1 D:1)
[2017.07.31-08.18.39:628][  0]LogWindows:    1. 'Intel(R) HD Graphics 620' (P:0 D:0)
[2017.07.31-08.18.39:629][  0]LogWindows:    2. 'Intel(R) HD Graphics 620' (P:0 D:0)
[2017.07.31-08.18.39:630][  0]LogWindows: DebugString: FoundDriverCount:3 
[2017.07.31-08.18.39:630][  0]LogD3D11RHI:     Adapter Name: Intel(R) HD Graphics 620
[2017.07.31-08.18.39:630][  0]LogD3D11RHI:   Driver Version: 21.20.16.4534 (internal:21.20.16.4534, unified:21.20.16.4534)
[2017.07.31-08.18.39:630][  0]LogD3D11RHI:      Driver Date: 10-7-2016
[2017.07.31-08.18.39:630][  0]LogRHI: Texture pool is 1361 MB (70% of 1945 MB)
[2017.07.31-08.18.39:637][  0]LogD3D11RHI: Async texture creation enabled
[2017.07.31-08.18.39:644][  0]LogD3D11RHI: GPU Timing Frequency: 12.000000 (Debug: 2 0)
[2017.07.31-08.18.39:645][  0]LogShaderCompilers: Guid format shader working directory is -22 characters bigger than the processId version (../../../../../../Users/tlstk/Desktop/Unreal Projects/Tutorial_Level/Intermediate/Shaders/WorkingDirectory/6836/).
[2017.07.31-08.18.39:645][  0]LogShaderCompilers: Cleaned the shader compiler working directory 'C:/Users/tlstk/AppData/Local/Temp/UnrealShaderWorkingDir/C41E2B0649F95010A1E1EAB7B3FD88D2/'.
[2017.07.31-08.18.39:645][  0]LogShaderCompilers:Display: Using Local Shader Compiler.
[2017.07.31-08.18.40:716][  0]LogTemp:Display: Loaded TP AllDesktopTargetPlatform
[2017.07.31-08.18.40:780][  0]LogTemp:Display: Loaded TP MacClientTargetPlatform
[2017.07.31-08.18.40:846][  0]LogTemp:Display: Loaded TP MacNoEditorTargetPlatform
[2017.07.31-08.18.40:909][  0]LogTemp:Display: Loaded TP MacServerTargetPlatform
[2017.07.31-08.18.40:979][  0]LogTemp:Display: Loaded TP MacTargetPlatform
[2017.07.31-08.18.41:037][  0]LogTemp:Display: Loaded TP WindowsClientTargetPlatform
[2017.07.31-08.18.41:092][  0]LogTemp:Display: Loaded TP WindowsNoEditorTargetPlatform
[2017.07.31-08.18.41:151][  0]LogTemp:Display: Loaded TP WindowsServerTargetPlatform
[2017.07.31-08.18.41:200][  0]LogTemp:Display: Loaded TP WindowsTargetPlatform
[2017.07.31-08.18.41:252][  0]LogTemp:Display: Loaded TP AndroidTargetPlatform
[2017.07.31-08.18.41:304][  0]LogTemp:Display: Loaded TP Android_ASTCTargetPlatform
[2017.07.31-08.18.41:355][  0]LogTemp:Display: Loaded TP Android_ATCTargetPlatform
[2017.07.31-08.18.41:407][  0]LogTemp:Display: Loaded TP Android_DXTTargetPlatform
[2017.07.31-08.18.41:459][  0]LogTemp:Display: Loaded TP Android_ETC1TargetPlatform
[2017.07.31-08.18.41:509][  0]LogTemp:Display: Loaded TP Android_ETC2TargetPlatform
[2017.07.31-08.18.41:608][  0]LogTemp:Display: Loaded TP Android_MultiTargetPlatform
[2017.07.31-08.18.41:608][  0]LogTemp:Display: Loaded TP Android_PVRTCTargetPlatform
[2017.07.31-08.18.41:649][  0]LogTemp:Display: Loaded TP HTML5TargetPlatform
[2017.07.31-08.18.41:747][  0]LogTemp:Display: Loaded TP IOSTargetPlatform
[2017.07.31-08.18.41:781][  0]LogTemp:Display: Loaded TP TVOSTargetPlatform
[2017.07.31-08.18.41:839][  0]LogTemp:Display: Loaded TP LinuxClientTargetPlatform
[2017.07.31-08.18.41:897][  0]LogTemp:Display: Loaded TP LinuxNoEditorTargetPlatform
[2017.07.31-08.18.41:949][  0]LogTemp:Display: Loaded TP LinuxServerTargetPlatform
[2017.07.31-08.18.42:000][  0]LogTemp:Display: Loaded TP LinuxTargetPlatform
[2017.07.31-08.18.42:000][  0]LogTargetPlatformManager:Display: Building Assets For Windows
[2017.07.31-08.18.42:496][  0]LogDerivedDataCache:Display: Max Cache Size: 512 MB
[2017.07.31-08.18.42:598][  0]LogDerivedDataCache: Loaded boot cache 0.10s 90MB C:/Users/tlstk/AppData/Local/UnrealEngine/4.16/DerivedDataCache/Boot.ddc.
[2017.07.31-08.18.42:598][  0]LogDerivedDataCache:Display: Loaded Boot cache: C:/Users/tlstk/AppData/Local/UnrealEngine/4.16/DerivedDataCache/Boot.ddc
[2017.07.31-08.18.42:598][  0]LogDerivedDataCache: FDerivedDataBackendGraph:  Pak pak cache file ../../../../../../Users/tlstk/Desktop/Unreal Projects/Tutorial_Level/DerivedDataCache/DDC.ddp not found, will not use a pak cache.
[2017.07.31-08.18.42:598][  0]LogDerivedDataCache: Unable to find inner node Pak for hierarchical cache Hierarchy.
[2017.07.31-08.18.42:598][  0]LogDerivedDataCache: FDerivedDataBackendGraph:  CompressedPak pak cache file ../../../../../../Users/tlstk/Desktop/Unreal Projects/Tutorial_Level/DerivedDataCache/Compressed.ddp not found, will not use a pak cache.
[2017.07.31-08.18.42:598][  0]LogDerivedDataCache: Unable to find inner node CompressedPak for hierarchical cache Hierarchy.
[2017.07.31-08.18.42:614][  0]LogDerivedDataCache:Display: Pak cache opened for reading ../../../Engine/DerivedDataCache/Compressed.ddp.
[2017.07.31-08.18.42:627][  0]LogDerivedDataCache: Using Local data cache path C:/Users/tlstk/AppData/Local/UnrealEngine/Common/DerivedDataCache: Writable
[2017.07.31-08.18.42:637][  0]LogMaterial: Verifying Global Shaders for PCD3D_SM5
[2017.07.31-08.18.42:637][  0]LogSlate: Using Freetype 2.6.0
[2017.07.31-08.18.42:638][  0]LogSlate: SlateFontCache - WITH_FREETYPE: 1, WITH_HARFBUZZ: 1
[2017.07.31-08.18.42:638][  0]LogSlate: SlateFontCache - WITH_FREETYPE: 1, WITH_HARFBUZZ: 1
[2017.07.31-08.18.42:960][  0]LogInit: Selected Device Profile: [Windows]
[2017.07.31-08.18.43:045][  0]LogContentStreaming: Texture pool size is 0.00 MB
[2017.07.31-08.18.43:201][  0]LogMeshUtilities: Using QuadricMeshReduction for automatic static mesh reduction
[2017.07.31-08.18.43:246][  0]LogSimplygon: Simplygon DLL not present - disabling.
[2017.07.31-08.18.43:293][  0]LogMeshUtilities: Using SimplygonSwarm for distributed automatic mesh merging
[2017.07.31-08.18.43:293][  0]LogMeshUtilities: No automatic skeletal mesh reduction module available
[2017.07.31-08.18.43:293][  0]LogMeshUtilities: No automatic mesh merging module available
[2017.07.31-08.18.43:917][  0]LogNetVersion: Tutorial_Level , NetCL: 3452394, EngineNetVer: 2, GameNetVer: 0 (Checksum: 1727356957)
[2017.07.31-08.18.43:982][  0]LogAssetRegistry: FAssetRegistry took 0.0255 seconds to start up
[2017.07.31-08.18.44:053][  0]LogPackageLocalizationCache: Processed 4 localized package path(s) for 2 prioritized culture(s) in 0.043810 seconds
[2017.07.31-08.18.44:059][  0]LogUObjectArray: 34203 objects as part of root set at end of initial load.
[2017.07.31-08.18.44:059][  0]LogUObjectAllocator: 7261480 out of 0 bytes used by permanent object pool.
[2017.07.31-08.18.44:059][  0]LogUObjectArray: CloseDisregardForGC: 0/0 objects in disregard for GC pool
[2017.07.31-08.18.44:128][  0]LogInit: WinSock: version 1.1 (2.2), MaxSocks=32767, MaxUdp=65467
[2017.07.31-08.18.58:935][  0]OSVREntryPointLog:Display: OSVR client context could not connect. Most likely the server isn't running. Treating this as if the HMD is not connected.
[2017.07.31-08.18.59:026][  0]LogTcpMessaging: Initializing TcpMessaging bridge
[2017.07.31-08.18.59:071][  0]LogUdpMessaging: Initializing bridge on interface 0.0.0.0:0 to multicast group 230.0.0.1:6666.
[2017.07.31-08.18.59:665][  0]LogMaterial: Uniform references updated for custom material expression Custom.
[2017.07.31-08.19.00:103][  0]SourceControl: 정보 소스 콘트롤이 꺼졌습니다.
[2017.07.31-08.19.00:144][  0]SourceControl: 정보 소스 콘트롤이 꺼졌습니다.
[2017.07.31-08.19.00:194][  0]SourceControl: 정보 소스 콘트롤이 꺼졌습니다.
[2017.07.31-08.19.00:241][  0]SourceControl: 정보 소스 콘트롤이 꺼졌습니다.
[2017.07.31-08.19.01:553][  0]LogEngine: Initializing Engine...
[2017.07.31-08.19.01:554][  0]LogHMD: GoogleVR API created
[2017.07.31-08.19.01:803][  0]LogStats: UGameplayTagsManager::ConstructGameplayTagTree: Construct from data asset -  0.000 s
[2017.07.31-08.19.01:803][  0]LogStats: UGameplayTagsManager::ConstructGameplayTagTree: GameplayTagTreeChangedEvent.Broadcast -  0.000 s
[2017.07.31-08.19.01:953][  0]LogAIModule: Creating AISystem for world Untitled
[2017.07.31-08.19.01:971][  0]LogInit: XAudio2 using 'Speakers(Conexant HD Audio)' : 2 channels at 48 kHz using 32 bits per sample (channel mask 0x3)
[2017.07.31-08.19.02:100][  0]LogInit: FAudioDevice initialized.
[2017.07.31-08.19.02:154][  0]LogDerivedDataCache: Saved boot cache 0.05s 90MB C:/Users/tlstk/AppData/Local/UnrealEngine/4.16/DerivedDataCache/Boot.ddc.
[2017.07.31-08.19.02:172][  0]LogInit: Texture streaming: Enabled
[2017.07.31-08.19.02:272][  0]LogEngineSessionManager: EngineSessionManager initialized
[2017.07.31-08.19.02:497][  0]LogInit: Transaction tracking system initialized
[2017.07.31-08.19.02:845][  0]BlueprintLog: New page: 에디터 로드
[2017.07.31-08.19.03:829][  0]LocalizationService: 정보 현지화 서비스가 비활성화되었습니다.
[2017.07.31-08.19.04:851][  0]LogConsoleResponse:Display: 
[2017.07.31-08.19.05:010][  0]LogCook:Display: Max memory allowance for cook 16384mb min free memory 0mb
[2017.07.31-08.19.05:010][  0]LogCook:Display: Mobile HDR setting 1
[2017.07.31-08.19.05:981][  0]LogFileCache: Scanning file cache for directory 'C:/Users/tlstk/Desktop/Unreal Projects/Tutorial_Level/Content/' took 0.01s
[2017.07.31-08.19.06:031][  0]SourceControl: 정보 소스 콘트롤이 꺼졌습니다.
[2017.07.31-08.19.06:031][  0]Cmd: MAP LOAD FILE="../../../../../../Users/tlstk/Desktop/Unreal Projects/Tutorial_Level/Content/Tutorial_Level.umap" TEMPLATE=0 SHOWPROGRESS=1 FEATURELEVEL=3
[2017.07.31-08.19.06:032][  0]LightingResults: New page: 라이팅 빌드
[2017.07.31-08.19.06:077][  0]MapCheck: New page: 맵 체크
[2017.07.31-08.19.06:077][  0]LightingResults: New page: 라이팅 빌드
[2017.07.31-08.19.06:576][  0]LogAIModule: Creating AISystem for world Tutorial_Level
[2017.07.31-08.19.06:593][  0]LogEditorServer: Finished looking for orphan Actors (0.000 secs)
[2017.07.31-08.19.06:684][  0]Cmd: MAP CHECKDEP NOCLEARLOG
[2017.07.31-08.19.06:749][  0]MapCheck: 정보 맵 체크 완료: 오류 0 회, 경고 0 회, 소요 시간 64.561ms.
[2017.07.31-08.19.06:749][  0]LogFileHelpers: Loading map 'Tutorial_Level' took 0.717
[2017.07.31-08.19.06:820][  0]LogWindowsTextInputMethodSystem:Display: IME system now activated using TSF (Microsoft 입력기).
[2017.07.31-08.19.06:938][  0]LogCollectionManager: Loaded 0 collections in 0.001730 seconds
[2017.07.31-08.19.07:026][  0]LogFileCache: Scanning file cache for directory 'C:/Users/tlstk/Desktop/Unreal Projects/Tutorial_Level/Saved/Collections/' took 0.01s
[2017.07.31-08.19.07:026][  0]LogFileCache: Scanning file cache for directory 'C:/Users/tlstk/Desktop/Unreal Projects/Tutorial_Level/Content/Developers/tlstk/Collections/' took 0.01s
[2017.07.31-08.19.07:026][  0]LogFileCache: Scanning file cache for directory 'C:/Users/tlstk/Desktop/Unreal Projects/Tutorial_Level/Content/Collections/' took 0.01s
[2017.07.31-08.19.07:026][  0]LogCollectionManager: Rebuilt the GUID cache for 0 collections in 0.000002 seconds
[2017.07.31-08.19.07:035][  0]LogContentBrowser: Native class hierarchy populated in 0.0086 seconds. Added 2325 classes and 488 folders.
[2017.07.31-08.19.07:106][  0]LogContentBrowser: Native class hierarchy updated for 'WidgetCarousel' in 0.0006 seconds. Added 0 classes and 0 folders.
[2017.07.31-08.19.07:145][  0]LogContentBrowser: Native class hierarchy updated for 'AddContentDialog' in 0.0005 seconds. Added 0 classes and 0 folders.
[2017.07.31-08.19.07:193][  0]LogContentBrowser: Native class hierarchy updated for 'SceneOutliner' in 0.0005 seconds. Added 1 classes and 2 folders.
[2017.07.31-08.19.07:234][  0]LogCrashTracker: Crashtracker disabled due to settings.
[2017.07.31-08.19.07:246][  0]LogDirectoryWatcher:Warning: Failed to begin reading directory changes for ../../../../../../Users/tlstk/Desktop/Unreal Projects/Tutorial_Level/Plugins/. Error: 지정된 파일을 찾을 수 없습니다. (0x00000002)
[2017.07.31-08.19.07:252][  0]LogSlate: Took 0.000236 seconds to synchronously load lazily loaded font '../../../Engine/Content/Slate/Fonts/Roboto-Regular.ttf' (155K)
[2017.07.31-08.19.07:258][  0]LogSlate: Took 0.004498 seconds to synchronously load lazily loaded font '../../../Engine/Content/Slate/Fonts/NanumGothic.ttf' (4243K)
[2017.07.31-08.19.07:262][  0]LogSlate: Took 0.001832 seconds to synchronously load lazily loaded font '../../../Engine/Content/Slate/Fonts/Roboto-Bold.ttf' (160K)
[2017.07.31-08.19.07:266][  0]LogSlate: Took 0.000256 seconds to synchronously load lazily loaded font '../../../Engine/Content/Editor/Slate/Fonts/FontAwesome.ttf' (139K)
[2017.07.31-08.19.07:363][  0]LogRenderer: Reallocating scene render targets to support 784x444 NumSamples 1 (Frame:1).
[2017.07.31-08.19.07:966][  0]LogSlate: Took 0.000215 seconds to synchronously load lazily loaded font '../../../Engine/Content/Slate/Fonts/Roboto-Light.ttf' (159K)
[2017.07.31-08.19.08:069][  0]LogUObjectGlobals:Warning: 'Class 없음.' 오브젝트를 찾는 데 실패했습니다.
[2017.07.31-08.19.08:141][  0]LogContentBrowser: Native class hierarchy updated for 'HierarchicalLODOutliner' in 0.0006 seconds. Added 1 classes and 2 folders.
[2017.07.31-08.19.08:141][  0]LogLoad: (Engine Initialization) Total time: 31.69 seconds
[2017.07.31-08.19.08:141][  0]LogLoad: (Engine Initialization) Total Blueprint compile time: 0.10 seconds
[2017.07.31-08.19.08:141][  0]LogExternalProfiler: No external profilers were discovered.  External profiling features will not be available.
[2017.07.31-08.19.08:163][  0]LogOcInput:Warning: OculusInput plugin enabled, but OculusRift plugin is not available.
[2017.07.31-08.19.08:163][  0]LogHMD: Starting GearVRController plugin
[2017.07.31-08.19.08:180][  0]LogAssetRegistry: Asset discovery search completed in 24.2191 seconds
[2017.07.31-08.19.08:181][  0]LogCollectionManager: Rebuilt the object cache for 0 collections in 0.000000 seconds (found 0 objects)
[2017.07.31-08.19.08:181][  0]LogCollectionManager: Fixed up redirectors for 0 collections in 0.000026 seconds (updated 0 objects)
[2017.07.31-08.19.08:182][  0]LogContentStreaming: Texture pool size now 400 MB
[2017.07.31-08.19.26:492][237]LogDirectoryWatcher: A directory notification for '../../../Engine/Plugins/' was aborted.
[2017.07.31-08.19.27:002][254]LogWindowsTextInputMethodSystem:Display: IME system now activated using TSF (Microsoft 입력기).
[2017.07.31-08.19.27:217][255]Cmd: QUIT_EDITOR
[2017.07.31-08.19.27:259][255]LogExit: Preparing to exit.
[2017.07.31-08.19.28:297][255]LogDirectoryWatcher: A directory notification for 'C:/Users/tlstk/Desktop/Unreal Projects/Tutorial_Level/Content/' was aborted.
[2017.07.31-08.19.28:335][255]LogExit: Editor shut down
[2017.07.31-08.19.28:341][255]LogExit: Transaction tracking system shut down
[2017.07.31-08.19.28:413][255]LogObj: Freed 0b from 0 cluster array pools.
[2017.07.31-08.19.28:413][255]LogExit: Object subsystem successfully closed.
[2017.07.31-08.19.28:515][255]LogD3D11RHI: Shutdown
[2017.07.31-08.19.28:515][255]LogD3D11RHI: CleanupD3DDevice
[2017.07.31-08.19.28:605][255]LogD3D11RHI: ~FD3D11DynamicRHI
[2017.07.31-08.19.28:621][255]LogModuleManager: Shutting down and abandoning module HierarchicalLODOutliner (526)
[2017.07.31-08.19.28:622][255]LogModuleManager: Shutting down and abandoning module CrashTracker (524)
[2017.07.31-08.19.28:622][255]LogModuleManager: Shutting down and abandoning module SceneOutliner (522)
[2017.07.31-08.19.28:622][255]LogModuleManager: Shutting down and abandoning module AddContentDialog (520)
[2017.07.31-08.19.28:622][255]LogDirectoryWatcher: A directory notification for 'C:/Program Files/Epic Games/UE_4.16/FeaturePacks/' was aborted.
[2017.07.31-08.19.28:623][255]LogModuleManager: Shutting down and abandoning module WidgetCarousel (519)
[2017.07.31-08.19.28:623][255]LogModuleManager: Shutting down and abandoning module EditorWidgets (516)
[2017.07.31-08.19.28:623][255]LogModuleManager: Shutting down and abandoning module CollectionManager (514)
[2017.07.31-08.19.28:623][255]LogDirectoryWatcher: A directory notification for 'C:/Users/tlstk/Desktop/Unreal Projects/Tutorial_Level/Content/Collections/' was aborted.
[2017.07.31-08.19.28:623][255]LogDirectoryWatcher: A directory notification for 'C:/Users/tlstk/Desktop/Unreal Projects/Tutorial_Level/Content/Developers/tlstk/Collections/' was aborted.
[2017.07.31-08.19.28:623][255]LogDirectoryWatcher: A directory notification for 'C:/Users/tlstk/Desktop/Unreal Projects/Tutorial_Level/Saved/Collections/' was aborted.
[2017.07.31-08.19.28:623][255]LogModuleManager: Shutting down and abandoning module StatsViewer (512)
[2017.07.31-08.19.28:623][255]LogModuleManager: Shutting down and abandoning module FoliageEdit (510)
[2017.07.31-08.19.28:623][255]LogModuleManager: Shutting down and abandoning module LandscapeEditor (508)
[2017.07.31-08.19.28:623][255]LogModuleManager: Shutting down and abandoning module MeshPaintMode (506)
[2017.07.31-08.19.28:623][255]LogModuleManager: Shutting down and abandoning module SceneDepthPickerMode (504)
[2017.07.31-08.19.28:624][255]LogModuleManager: Shutting down and abandoning module ActorPickerMode (502)
[2017.07.31-08.19.28:624][255]LogModuleManager: Shutting down and abandoning module GeometryMode (500)
[2017.07.31-08.19.28:624][255]LogModuleManager: Shutting down and abandoning module TextureAlignMode (498)
[2017.07.31-08.19.28:624][255]LogModuleManager: Shutting down and abandoning module BspMode (496)
[2017.07.31-08.19.28:624][255]LogModuleManager: Shutting down and abandoning module HardwareSurvey (494)
[2017.07.31-08.19.28:624][255]LogModuleManager: Shutting down and abandoning module SequenceRecorderSections (492)
[2017.07.31-08.19.28:624][255]LogModuleManager: Shutting down and abandoning module AutomationWorker (490)
[2017.07.31-08.19.28:624][255]LogModuleManager: Shutting down and abandoning module MatineeToLevelSequence (488)
[2017.07.31-08.19.28:624][255]LogModuleManager: Shutting down and abandoning module LevelSequenceEditor (486)
[2017.07.31-08.19.28:624][255]LogModuleManager: Shutting down and abandoning module PlacementMode (485)
[2017.07.31-08.19.28:624][255]LogModuleManager: Shutting down and abandoning module WmfMediaFactory (482)
[2017.07.31-08.19.28:624][255]LogModuleManager: Shutting down and abandoning module WmfMediaEditor (480)
[2017.07.31-08.19.28:624][255]LogModuleManager: Shutting down and abandoning module AvfMediaFactory (478)
[2017.07.31-08.19.28:624][255]LogModuleManager: Shutting down and abandoning module Media (477)
[2017.07.31-08.19.28:624][255]LogModuleManager: Shutting down and abandoning module AvfMediaEditor (474)
[2017.07.31-08.19.28:624][255]LogModuleManager: Shutting down and abandoning module CharacterAI (472)
[2017.07.31-08.19.28:624][255]LogModuleManager: Shutting down and abandoning module AudioCapture (470)
[2017.07.31-08.19.28:624][255]LogModuleManager: Shutting down and abandoning module SequenceRecorder (469)
[2017.07.31-08.19.28:624][255]LogModuleManager: Shutting down and abandoning module SmartSnapping (466)
[2017.07.31-08.19.28:624][255]LogModuleManager: Shutting down and abandoning module SessionServices (464)
[2017.07.31-08.19.28:624][255]LogModuleManager: Shutting down and abandoning module ViewportSnapping (462)
[2017.07.31-08.19.28:624][255]LogModuleManager: Shutting down and abandoning module ViewportInteraction (460)
[2017.07.31-08.19.28:624][255]LogModuleManager: Shutting down and abandoning module ClothPainter (458)
[2017.07.31-08.19.28:624][255]LogModuleManager: Shutting down and abandoning module LogVisualizer (456)
[2017.07.31-08.19.28:624][255]LogModuleManager: Shutting down and abandoning module IntroTutorials (454)
[2017.07.31-08.19.28:624][255]LogModuleManager: Shutting down and abandoning module GameProjectGeneration (453)
[2017.07.31-08.19.28:624][255]LogModuleManager: Shutting down and abandoning module EditorLiveStreaming (450)
[2017.07.31-08.19.28:624][255]LogModuleManager: Shutting down and abandoning module IOSPlatformEditor (448)
[2017.07.31-08.19.28:624][255]LogModuleManager: Shutting down and abandoning module HTML5PlatformEditor (446)
[2017.07.31-08.19.28:624][255]LogModuleManager: Shutting down and abandoning module AndroidPlatformEditor (444)
[2017.07.31-08.19.28:624][255]LogModuleManager: Shutting down and abandoning module AndroidDeviceDetection (443)
[2017.07.31-08.19.29:220][255]LogModuleManager: Shutting down and abandoning module IOSRuntimeSettings (440)
[2017.07.31-08.19.29:220][255]LogModuleManager: Shutting down and abandoning module AndroidRuntimeSettings (438)
[2017.07.31-08.19.29:220][255]LogModuleManager: Shutting down and abandoning module InputBindingEditor (436)
[2017.07.31-08.19.29:220][255]LogModuleManager: Shutting down and abandoning module MergeActors (434)
[2017.07.31-08.19.29:220][255]LogModuleManager: Shutting down and abandoning module SizeMap (432)
[2017.07.31-08.19.29:220][255]LogModuleManager: Shutting down and abandoning module TreeMap (430)
[2017.07.31-08.19.29:221][255]LogModuleManager: Shutting down and abandoning module ReferenceViewer (428)
[2017.07.31-08.19.29:221][255]LogModuleManager: Shutting down and abandoning module LocalizationDashboard (426)
[2017.07.31-08.19.29:221][255]LogModuleManager: Shutting down and abandoning module LocalizationService (425)
[2017.07.31-08.19.29:221][255]LogModuleManager: Shutting down and abandoning module HardwareTargeting (422)
[2017.07.31-08.19.29:221][255]LogModuleManager: Shutting down and abandoning module DeviceProfileEditor (420)
[2017.07.31-08.19.29:221][255]LogModuleManager: Shutting down and abandoning module UndoHistory (418)
[2017.07.31-08.19.29:221][255]LogModuleManager: Shutting down and abandoning module UserFeedback (416)
[2017.07.31-08.19.29:221][255]LogModuleManager: Shutting down and abandoning module XmlParser (414)
[2017.07.31-08.19.29:221][255]LogModuleManager: Shutting down and abandoning module Blutility (412)
[2017.07.31-08.19.29:221][255]LogModuleManager: Shutting down and abandoning module ProjectSettingsViewer (410)
[2017.07.31-08.19.29:221][255]LogModuleManager: Shutting down and abandoning module ProjectTargetPlatformEditor (409)
[2017.07.31-08.19.29:221][255]LogModuleManager: Shutting down and abandoning module EditorSettingsViewer (406)
[2017.07.31-08.19.29:221][255]LogModuleManager: Shutting down and abandoning module SettingsEditor (404)
[2017.07.31-08.19.29:221][255]LogModuleManager: Shutting down and abandoning module ProjectLauncher (402)
[2017.07.31-08.19.29:221][255]LogModuleManager: Shutting down and abandoning module SessionFrontend (400)
[2017.07.31-08.19.29:221][255]LogModuleManager: Shutting down and abandoning module ProfilerClient (398)
[2017.07.31-08.19.29:221][255]LogModuleManager: Shutting down and abandoning module DeviceManager (396)
[2017.07.31-08.19.29:221][255]LogModuleManager: Shutting down and abandoning module TargetDeviceServices (395)
[2017.07.31-08.19.29:283][255]LogModuleManager: Shutting down and abandoning module AutomationController (392)
[2017.07.31-08.19.29:284][255]LogModuleManager: Shutting down and abandoning module AutomationWindow (390)
[2017.07.31-08.19.29:284][255]LogModuleManager: Shutting down and abandoning module Layers (388)
[2017.07.31-08.19.29:284][255]LogModuleManager: Shutting down and abandoning module ComponentVisualizers (386)
[2017.07.31-08.19.29:284][255]LogModuleManager: Shutting down and abandoning module DetailCustomizations (384)
[2017.07.31-08.19.29:284][255]LogModuleManager: Shutting down and abandoning module PackagesDialog (382)
[2017.07.31-08.19.29:284][255]LogModuleManager: Shutting down and abandoning module Persona (380)
[2017.07.31-08.19.29:284][255]LogModuleManager: Shutting down and abandoning module AdvancedPreviewScene (379)
[2017.07.31-08.19.29:284][255]LogModuleManager: Shutting down and abandoning module AnimGraph (377)
[2017.07.31-08.19.29:284][255]LogModuleManager: Shutting down and abandoning module Kismet (374)
[2017.07.31-08.19.29:284][255]LogModuleManager: Shutting down and abandoning module ClassViewer (372)
[2017.07.31-08.19.29:285][255]LogModuleManager: Shutting down and abandoning module Toolbox (370)
[2017.07.31-08.19.29:285][255]LogModuleManager: Shutting down and abandoning module ModuleUI (368)
[2017.07.31-08.19.29:285][255]LogModuleManager: Shutting down and abandoning module MovieSceneTools (366)
[2017.07.31-08.19.29:285][255]LogModuleManager: Shutting down and abandoning module OutputLog (364)
[2017.07.31-08.19.29:285][255]LogModuleManager: Shutting down and abandoning module GammaUI (362)
[2017.07.31-08.19.29:285][255]LogModuleManager: Shutting down and abandoning module Documentation (360)
[2017.07.31-08.19.29:285][255]LogModuleManager: Shutting down and abandoning module MovieSceneTracks (358)
[2017.07.31-08.19.29:285][255]LogModuleManager: Shutting down and abandoning module MovieScene (356)
[2017.07.31-08.19.29:285][255]LogModuleManager: Shutting down and abandoning module Niagara (354)
[2017.07.31-08.19.29:285][255]LogModuleManager: Shutting down and abandoning module NiagaraEditor (353)
[2017.07.31-08.19.29:285][255]LogModuleManager: Shutting down and abandoning module StreamingPauseRendering (350)
[2017.07.31-08.19.29:285][255]LogModuleManager: Shutting down and abandoning module AnalyticsET (348)
[2017.07.31-08.19.29:285][255]LogModuleManager: Shutting down and abandoning module PortalServices (346)
[2017.07.31-08.19.29:285][255]LogModuleManager: Shutting down and abandoning module PortalRpc (344)
[2017.07.31-08.19.29:285][255]LogModuleManager: Shutting down and abandoning module MessagingRpc (342)
[2017.07.31-08.19.29:285][255]LogModuleManager: Shutting down and abandoning module AIModule (340)
[2017.07.31-08.19.29:285][255]LogModuleManager: Shutting down and abandoning module GameplayDebugger (339)
[2017.07.31-08.19.29:285][255]LogModuleManager: Shutting down and abandoning module AITestSuite (337)
[2017.07.31-08.19.29:285][255]LogModuleManager: Shutting down and abandoning module ProfilerService (334)
[2017.07.31-08.19.29:304][255]LogModuleManager: Shutting down and abandoning module TaskGraph (332)
[2017.07.31-08.19.29:304][255]LogModuleManager: Shutting down and abandoning module SteamVRController (330)
[2017.07.31-08.19.29:304][255]LogModuleManager: Shutting down and abandoning module SteamVR (328)
[2017.07.31-08.19.29:304][255]LogModuleManager: Shutting down and abandoning module ProceduralMeshComponentEditor (326)
[2017.07.31-08.19.29:304][255]LogModuleManager: Shutting down and abandoning module ProceduralMeshComponent (324)
[2017.07.31-08.19.29:304][255]LogModuleManager: Shutting down and abandoning module OculusLibrary (322)
[2017.07.31-08.19.29:304][255]LogModuleManager: Shutting down and abandoning module OculusInput (320)
[2017.07.31-08.19.29:304][255]LogModuleManager: Shutting down and abandoning module GoogleVRTransition2D (318)
[2017.07.31-08.19.29:304][255]LogModuleManager: Shutting down and abandoning module CustomMeshComponent (316)
[2017.07.31-08.19.29:304][255]LogModuleManager: Shutting down and abandoning module CableComponent (314)
[2017.07.31-08.19.29:304][255]LogModuleManager: Shutting down and abandoning module ArchVisCharacter (312)
[2017.07.31-08.19.29:304][255]LogModuleManager: Shutting down and abandoning module MediaPlayerEditor (308)
[2017.07.31-08.19.29:304][255]LogModuleManager: Shutting down and abandoning module SimpleHMD (306)
[2017.07.31-08.19.29:304][255]LogModuleManager: Shutting down and abandoning module HTML5Networking (304)
[2017.07.31-08.19.29:304][255]LogModuleManager: Shutting down and abandoning module AlembicImporter (302)
[2017.07.31-08.19.29:304][255]LogModuleManager: Shutting down and abandoning module AlembicLibrary (301)
[2017.07.31-08.19.29:304][255]LogModuleManager: Shutting down and abandoning module GeometryCache (300)
[2017.07.31-08.19.29:304][255]LogModuleManager: Shutting down and abandoning module GeometryCacheEd (299)
[2017.07.31-08.19.29:304][255]LogModuleManager: Shutting down and abandoning module SuperSearchEditor (294)
[2017.07.31-08.19.29:304][255]LogModuleManager: Shutting down and abandoning module SuperSearch (293)
[2017.07.31-08.19.29:304][255]LogModuleManager: Shutting down and abandoning module SpeedTreeImporter (290)
[2017.07.31-08.19.29:304][255]LogModuleManager: Shutting down and abandoning module PluginBrowser (288)
[2017.07.31-08.19.29:304][255]LogModuleManager: Shutting down and abandoning module MobileLauncherProfileWizard (286)
[2017.07.31-08.19.29:304][255]LogModuleManager: Shutting down and abandoning module VisualStudioSourceCodeAccess (284)
[2017.07.31-08.19.29:305][255]LogModuleManager: Shutting down and abandoning module DesktopPlatform (283)
[2017.07.31-08.19.29:305][255]LogModuleManager: Shutting down and abandoning module UObjectPlugin (280)
[2017.07.31-08.19.29:305][255]LogModuleManager: Shutting down and abandoning module SubversionSourceControl (278)
[2017.07.31-08.19.29:305][255]LogModuleManager: Shutting down and abandoning module PerforceSourceControl (276)
[2017.07.31-08.19.29:305][255]LogModuleManager: Shutting down and abandoning module GitSourceControl (274)
[2017.07.31-08.19.29:305][255]LogModuleManager: Shutting down and abandoning module SourceControl (273)
[2017.07.31-08.19.29:305][255]LogModuleManager: Shutting down and abandoning module LightPropagationVolumeEditor (270)
[2017.07.31-08.19.29:305][255]LogModuleManager: Shutting down and abandoning module PaperTiledImporter (268)
[2017.07.31-08.19.29:305][255]LogModuleManager: Shutting down and abandoning module PaperSpriteSheetImporter (266)
[2017.07.31-08.19.29:305][255]LogModuleManager: Shutting down and abandoning module Paper2DEditor (264)
[2017.07.31-08.19.29:305][255]LogModuleManager: Shutting down and abandoning module MeshPaint (263)
[2017.07.31-08.19.29:305][255]LogModuleManager: Shutting down and abandoning module LevelEditor (261)
[2017.07.31-08.19.29:305][255]LogModuleManager: Shutting down and abandoning module PixelInspectorModule (260)
[2017.07.31-08.19.29:305][255]LogModuleManager: Shutting down and abandoning module MainFrame (258)
[2017.07.31-08.19.29:305][255]LogModuleManager: Shutting down and abandoning module HotReload (257)
[2017.07.31-08.19.29:306][255]LogModuleManager: Shutting down and abandoning module WebBrowserWidget (252)
[2017.07.31-08.19.29:306][255]LogModuleManager: Shutting down and abandoning module PhysXVehiclesEditor (250)
[2017.07.31-08.19.29:306][255]LogModuleManager: Shutting down and abandoning module PhysXVehicles (248)
[2017.07.31-08.19.29:306][255]LogModuleManager: Shutting down and abandoning module LocationServicesBPLibrary (246)
[2017.07.31-08.19.29:306][255]LogModuleManager: Shutting down and abandoning module ImmediatePhysicsEditor (244)
[2017.07.31-08.19.29:306][255]LogModuleManager: Shutting down and abandoning module ImmediatePhysics (242)
[2017.07.31-08.19.29:306][255]LogModuleManager: Shutting down and abandoning module UdpMessaging (240)
[2017.07.31-08.19.29:407][255]LogModuleManager: Shutting down and abandoning module TcpMessaging (238)
[2017.07.31-08.19.29:508][255]LogModuleManager: Shutting down and abandoning module OSVRInput (236)
[2017.07.31-08.19.29:508][255]LogModuleManager: Shutting down and abandoning module OSVR (234)
[2017.07.31-08.19.29:510][255]LogModuleManager: Shutting down and abandoning module GameplayTagsEditor (232)
[2017.07.31-08.19.29:510][255]LogModuleManager: Shutting down and abandoning module FacialAnimationEditor (230)
[2017.07.31-08.19.29:510][255]LogModuleManager: Shutting down and abandoning module FacialAnimation (228)
[2017.07.31-08.19.29:510][255]LogModuleManager: Shutting down and abandoning module AssetManagerEditor (226)
[2017.07.31-08.19.29:510][255]LogModuleManager: Shutting down and abandoning module GraphEditor (225)
[2017.07.31-08.19.29:510][255]LogModuleManager: Shutting down and abandoning module ContentBrowser (223)
[2017.07.31-08.19.29:511][255]LogModuleManager: Shutting down and abandoning module LightPropagationVolumeRuntime (220)
[2017.07.31-08.19.29:511][255]LogModuleManager: Shutting down and abandoning module Paper2D (218)
[2017.07.31-08.19.29:511][255]LogModuleManager: Shutting down and abandoning module WindowsMoviePlayer (216)
[2017.07.31-08.19.29:511][255]LogModuleManager: Shutting down and abandoning module WmfMedia (214)
[2017.07.31-08.19.29:511][255]LogModuleManager: Shutting down and abandoning module ClothingSystemEditor (212)
[2017.07.31-08.19.29:511][255]LogModuleManager: Shutting down and abandoning module ClothingSystemRuntime (210)
[2017.07.31-08.19.29:511][255]LogModuleManager: Shutting down and abandoning module MediaAssets (208)
[2017.07.31-08.19.29:511][255]LogModuleManager: Shutting down and abandoning module GameLiveStreaming (206)
[2017.07.31-08.19.29:511][255]LogModuleManager: Shutting down and abandoning module VREditor (204)
[2017.07.31-08.19.29:511][255]LogModuleManager: Shutting down and abandoning module StringTableEditor (202)
[2017.07.31-08.19.29:511][255]LogModuleManager: Shutting down and abandoning module GameplayTasksEditor (200)
[2017.07.31-08.19.29:511][255]LogModuleManager: Shutting down and abandoning module BehaviorTreeEditor (198)
[2017.07.31-08.19.29:511][255]LogModuleManager: Shutting down and abandoning module FunctionalTesting (196)
[2017.07.31-08.19.29:511][255]LogModuleManager: Shutting down and abandoning module CollisionAnalyzer (194)
[2017.07.31-08.19.29:511][255]LogModuleManager: Shutting down and abandoning module UMG (192)
[2017.07.31-08.19.29:511][255]LogModuleManager: Shutting down and abandoning module UMGEditor (191)
[2017.07.31-08.19.29:511][255]LogModuleManager: Shutting down and abandoning module Sequencer (190)
[2017.07.31-08.19.29:511][255]LogModuleManager: Shutting down and abandoning module AssetTools (188)
[2017.07.31-08.19.29:511][255]LogModuleManager: Shutting down and abandoning module MessageLog (187)
[2017.07.31-08.19.29:511][255]LogModuleManager: Shutting down and abandoning module WorkspaceMenuStructure (186)
[2017.07.31-08.19.29:511][255]LogModuleManager: Shutting down and abandoning module SlateReflector (180)
[2017.07.31-08.19.29:511][255]LogModuleManager: Shutting down and abandoning module Slate (178)
[2017.07.31-08.19.29:511][255]LogModuleManager: Shutting down and abandoning module EditorStyle (176)
[2017.07.31-08.19.29:513][255]LogModuleManager: Shutting down and abandoning module SourceCodeAccess (174)
[2017.07.31-08.19.29:514][255]LogModuleManager: Shutting down and abandoning module HeadMountedDisplay (172)
[2017.07.31-08.19.29:514][255]LogModuleManager: Shutting down and abandoning module XAudio2 (170)
[2017.07.31-08.19.29:514][255]LogModuleManager: Shutting down and abandoning module Networking (168)
[2017.07.31-08.19.29:514][255]LogModuleManager: Shutting down and abandoning module Core (164)
[2017.07.31-08.19.29:514][255]LogModuleManager: Shutting down and abandoning module AssetRegistry (162)
[2017.07.31-08.19.29:632][255]LogDirectoryWatcher: A directory notification for '../../../Engine/Content/' was aborted.
[2017.07.31-08.19.29:632][255]LogDirectoryWatcher: A directory notification for '../../../../../../Users/tlstk/Desktop/Unreal Projects/Tutorial_Level/Content/' was aborted.
[2017.07.31-08.19.29:632][255]LogDirectoryWatcher: A directory notification for '../../../Engine/Plugins/2D/Paper2D/Content/' was aborted.
[2017.07.31-08.19.29:632][255]LogDirectoryWatcher: A directory notification for '../../../Engine/Plugins/Runtime/GearVR/Content/' was aborted.
[2017.07.31-08.19.29:635][255]LogModuleManager: Shutting down and abandoning module DirectoryWatcher (161)
[2017.07.31-08.19.29:636][255]LogModuleManager: Shutting down and abandoning module KismetCompiler (158)
[2017.07.31-08.19.29:636][255]LogModuleManager: Shutting down and abandoning module LevelSequence (156)
[2017.07.31-08.19.29:636][255]LogModuleManager: Shutting down and abandoning module PhysXFormats (154)
[2017.07.31-08.19.29:636][255]LogModuleManager: Shutting down and abandoning module MeshUtilities (152)
[2017.07.31-08.19.29:636][255]LogModuleManager: Shutting down and abandoning module SimplygonSwarm (151)
[2017.07.31-08.19.29:636][255]LogModuleManager: Shutting down and abandoning module SimplygonMeshReduction (149)
[2017.07.31-08.19.29:636][255]LogModuleManager: Shutting down and abandoning module QuadricMeshReduction (147)
[2017.07.31-08.19.29:636][255]LogModuleManager: Shutting down and abandoning module DerivedDataCache (144)
[2017.07.31-08.19.29:680][255]LogDerivedDataCache: Shutdown
[2017.07.31-08.19.29:680][255]LogModuleManager: Shutting down and abandoning module TargetPlatform (142)
[2017.07.31-08.19.29:680][255]LogModuleManager: Shutting down and abandoning module VulkanShaderFormat (141)
[2017.07.31-08.19.29:680][255]LogModuleManager: Shutting down and abandoning module ShaderFormatVectorVM (139)
[2017.07.31-08.19.29:680][255]LogModuleManager: Shutting down and abandoning module ShaderFormatOpenGL (137)
[2017.07.31-08.19.29:680][255]LogModuleManager: Shutting down and abandoning module ShaderFormatD3D (135)
[2017.07.31-08.19.29:681][255]LogModuleManager: Shutting down and abandoning module MetalShaderFormat (133)
[2017.07.31-08.19.29:681][255]LogModuleManager: Shutting down and abandoning module TextureFormatUncompressed (131)
[2017.07.31-08.19.29:681][255]LogModuleManager: Shutting down and abandoning module TextureFormatPVR (129)
[2017.07.31-08.19.29:681][255]LogModuleManager: Shutting down and abandoning module TextureFormatDXT (127)
[2017.07.31-08.19.29:681][255]LogModuleManager: Shutting down and abandoning module TextureFormatIntelISPCTexComp (125)
[2017.07.31-08.19.29:681][255]LogModuleManager: Shutting down and abandoning module TextureFormatASTC (123)
[2017.07.31-08.19.29:681][255]LogModuleManager: Shutting down and abandoning module ImageWrapper (122)
[2017.07.31-08.19.29:681][255]LogModuleManager: Shutting down and abandoning module TextureFormatAndroid (119)
[2017.07.31-08.19.29:681][255]LogModuleManager: Shutting down and abandoning module AudioFormatOpus (117)
[2017.07.31-08.19.29:681][255]LogModuleManager: Shutting down and abandoning module AudioFormatOgg (115)
[2017.07.31-08.19.29:681][255]LogModuleManager: Shutting down and abandoning module AudioFormatADPCM (113)
[2017.07.31-08.19.29:681][255]LogModuleManager: Shutting down and abandoning module LinuxTargetPlatform (111)
[2017.07.31-08.19.29:681][255]LogModuleManager: Shutting down and abandoning module LinuxServerTargetPlatform (109)
[2017.07.31-08.19.29:681][255]LogModuleManager: Shutting down and abandoning module LinuxNoEditorTargetPlatform (107)
[2017.07.31-08.19.29:681][255]LogModuleManager: Shutting down and abandoning module LinuxClientTargetPlatform (105)
[2017.07.31-08.19.29:681][255]LogModuleManager: Shutting down and abandoning module TVOSTargetPlatform (103)
[2017.07.31-08.19.29:681][255]LogModuleManager: Shutting down and abandoning module Messaging (101)
[2017.07.31-08.19.29:681][255]LogModuleManager: Shutting down and abandoning module IOSTargetPlatform (99)
[2017.07.31-08.19.29:681][255]LogModuleManager: Shutting down and abandoning module HTML5TargetPlatform (97)
[2017.07.31-08.19.29:681][255]LogModuleManager: Shutting down and abandoning module Android_PVRTCTargetPlatform (95)
[2017.07.31-08.19.29:681][255]LogModuleManager: Shutting down and abandoning module Android_MultiTargetPlatform (93)
[2017.07.31-08.19.29:681][255]LogModuleManager: Shutting down and abandoning module Android_ETC2TargetPlatform (91)
[2017.07.31-08.19.29:681][255]LogModuleManager: Shutting down and abandoning module Android_ETC1TargetPlatform (89)
[2017.07.31-08.19.29:681][255]LogModuleManager: Shutting down and abandoning module Android_DXTTargetPlatform (87)
[2017.07.31-08.19.29:681][255]LogModuleManager: Shutting down and abandoning module Android_ATCTargetPlatform (85)
[2017.07.31-08.19.29:681][255]LogModuleManager: Shutting down and abandoning module Android_ASTCTargetPlatform (83)
[2017.07.31-08.19.29:681][255]LogModuleManager: Shutting down and abandoning module AndroidTargetPlatform (81)
[2017.07.31-08.19.29:681][255]LogModuleManager: Shutting down and abandoning module WindowsTargetPlatform (79)
[2017.07.31-08.19.29:681][255]LogModuleManager: Shutting down and abandoning module WindowsServerTargetPlatform (77)
[2017.07.31-08.19.29:681][255]LogModuleManager: Shutting down and abandoning module WindowsNoEditorTargetPlatform (75)
[2017.07.31-08.19.29:681][255]LogModuleManager: Shutting down and abandoning module WindowsClientTargetPlatform (73)
[2017.07.31-08.19.29:681][255]LogModuleManager: Shutting down and abandoning module MacTargetPlatform (71)
[2017.07.31-08.19.29:681][255]LogModuleManager: Shutting down and abandoning module MacServerTargetPlatform (69)
[2017.07.31-08.19.29:681][255]LogModuleManager: Shutting down and abandoning module MacNoEditorTargetPlatform (67)
[2017.07.31-08.19.29:681][255]LogModuleManager: Shutting down and abandoning module MacClientTargetPlatform (65)
[2017.07.31-08.19.29:681][255]LogModuleManager: Shutting down and abandoning module AllDesktopTargetPlatform (63)
[2017.07.31-08.19.29:681][255]LogModuleManager: Shutting down and abandoning module InputCore (60)
[2017.07.31-08.19.29:681][255]LogModuleManager: Shutting down and abandoning module Settings (58)
[2017.07.31-08.19.29:681][255]LogModuleManager: Shutting down and abandoning module GoogleVRHMD (56)
[2017.07.31-08.19.29:681][255]LogModuleManager: Shutting down and abandoning module GearVRController (54)
[2017.07.31-08.19.29:681][255]LogModuleManager: Shutting down and abandoning module GearVR (52)
[2017.07.31-08.19.29:681][255]LogModuleManager: Shutting down and abandoning module ExampleDeviceProfileSelector (50)
[2017.07.31-08.19.29:681][255]LogModuleManager: Shutting down and abandoning module OnlineBlueprintSupport (48)
[2017.07.31-08.19.29:681][255]LogModuleManager: Shutting down and abandoning module OnlineSubsystem (44)
[2017.07.31-08.19.29:681][255]LogOnline:Display: Unloading online subsystem: NULL
[2017.07.31-08.19.29:681][255]LogModuleManager: Shutting down and abandoning module XMPP (43)
[2017.07.31-08.19.29:681][255]LogModuleManager: Shutting down and abandoning module HTTP (41)
[2017.07.31-08.19.29:681][255]LogHttp:Display: Http module shutting down, but needs to wait on 1 outstanding Http requests:
[2017.07.31-08.19.29:681][255]LogHttp:Display: 	verb=[POST] url=[https://datarouter.ol.epicgames.com/datarouter/api/v1/public/data?SessionID=%7BD73B39E9-4619-66C2-8135-D1A98E382503%7D&AppID=UEEditor.Rocket.Release&AppVersion=4.16.2-3514769%2B%2B%2BUE4%2BRelease-4.16&UserID=d819205c49ccdc5218c8c7b1cdb622cb%7Ce9abd0643c81437cbe0d3af0070a4d48%7C910f5fb1-90c2-4aef-bf25-dd1613a7efe4&AppEnvironment=datacollector-binary&UploadType=eteventstream] status=Processing
[2017.07.31-08.19.29:703][255]LogModuleManager: Shutting down and abandoning module SSL (40)
[2017.07.31-08.19.29:704][255]LogModuleManager: Shutting down and abandoning module HTTPChunkInstaller (36)
[2017.07.31-08.19.29:704][255]LogModuleManager: Shutting down and abandoning module AnimationModifiers (34)
[2017.07.31-08.19.29:704][255]LogModuleManager: Shutting down and abandoning module PropertyEditor (33)
[2017.07.31-08.19.29:704][255]LogModuleManager: Shutting down and abandoning module AudioEditor (30)
[2017.07.31-08.19.29:704][255]LogModuleManager: Shutting down and abandoning module TextureCompressor (28)
[2017.07.31-08.19.29:704][255]LogModuleManager: Shutting down and abandoning module ShaderCore (26)
[2017.07.31-08.19.29:704][255]LogModuleManager: Shutting down and abandoning module Landscape (24)
[2017.07.31-08.19.29:704][255]LogModuleManager: Shutting down and abandoning module SlateRHIRenderer (22)
[2017.07.31-08.19.29:706][255]LogModuleManager: Shutting down and abandoning module OpenGLDrv (20)
[2017.07.31-08.19.29:706][255]LogModuleManager: Shutting down and abandoning module D3D11RHI (18)
[2017.07.31-08.19.29:706][255]LogModuleManager: Shutting down and abandoning module AnimGraphRuntime (16)
[2017.07.31-08.19.29:706][255]LogModuleManager: Shutting down and abandoning module Renderer (14)
[2017.07.31-08.19.29:706][255]LogModuleManager: Shutting down and abandoning module Engine (12)
[2017.07.31-08.19.29:706][255]LogModuleManager: Shutting down and abandoning module CoreUObject (10)
[2017.07.31-08.19.29:706][255]LogModuleManager: Shutting down and abandoning module NetworkFile (8)
[2017.07.31-08.19.29:706][255]LogModuleManager: Shutting down and abandoning module StreamingFile (6)
[2017.07.31-08.19.29:706][255]LogModuleManager: Shutting down and abandoning module SandboxFile (4)
[2017.07.31-08.19.29:706][255]LogModuleManager: Shutting down and abandoning module PakFile (2)
[2017.07.31-08.19.29:709][255]LogExit: Exiting.
[2017.07.31-08.19.29:727][255]Log file closed, 07/31/17 17:19:29
